{"op_code":0,"worker_id":"23d7458d-abae-4a14-9e90-8f4ff38fb760-139992021446656","study_name":"no-name-8236f4db-0da3-44ca-b68b-1ab0d7913097","directions":[1]}
{"op_code":4,"worker_id":"23d7458d-abae-4a14-9e90-8f4ff38fb760-139992021446656","study_id":0,"datetime_start":"2025-10-17T11:26:01.421532"}
{"op_code":5,"worker_id":"23d7458d-abae-4a14-9e90-8f4ff38fb760-139992021446656","trial_id":0,"param_name":"x","param_value_internal":-5.50878590272919,"distribution":"{\"name\": \"FloatDistribution\", \"attributes\": {\"step\": null, \"low\": -10.0, \"high\": 10.0, \"log\": false}}"}
{"op_code":6,"worker_id":"23d7458d-abae-4a14-9e90-8f4ff38fb760-139992021446656","trial_id":0,"state":1,"values":[56.38186573302461],"datetime_complete":"2025-10-17T11:26:01.511936"}
{"op_code":4,"worker_id":"23d7458d-abae-4a14-9e90-8f4ff38fb760-139992021446656","study_id":0,"datetime_start":"2025-10-17T11:26:01.525384"}
{"op_code":5,"worker_id":"23d7458d-abae-4a14-9e90-8f4ff38fb760-139992021446656","trial_id":1,"param_name":"x","param_value_internal":0.9989998891728842,"distribution":"{\"name\": \"FloatDistribution\", \"attributes\": {\"step\": null, \"low\": -10.0, \"high\": 10.0, \"log\": false}}"}
{"op_code":6,"worker_id":"23d7458d-abae-4a14-9e90-8f4ff38fb760-139992021446656","trial_id":1,"state":1,"values":[1.0020012218758982],"datetime_complete":"2025-10-17T11:26:01.545905"}
{"op_code":4,"worker_id":"23d7458d-abae-4a14-9e90-8f4ff38fb760-139992021446656","study_id":0,"datetime_start":"2025-10-17T11:26:01.557214"}
{"op_code":5,"worker_id":"23d7458d-abae-4a14-9e90-8f4ff38fb760-139992021446656","trial_id":2,"param_name":"x","param_value_internal":-8.88972533093506,"distribution":"{\"name\": \"FloatDistribution\", \"attributes\": {\"step\": null, \"low\": -10.0, \"high\": 10.0, \"log\": false}}"}
{"op_code":6,"worker_id":"23d7458d-abae-4a14-9e90-8f4ff38fb760-139992021446656","trial_id":2,"state":1,"values":[118.58611778320869],"datetime_complete":"2025-10-17T11:26:01.579800"}
{"op_code":4,"worker_id":"23d7458d-abae-4a14-9e90-8f4ff38fb760-139992021446656","study_id":0,"datetime_start":"2025-10-17T11:26:01.590447"}
{"op_code":5,"worker_id":"23d7458d-abae-4a14-9e90-8f4ff38fb760-139992021446656","trial_id":3,"param_name":"x","param_value_internal":-9.983545606786684,"distribution":"{\"name\": \"FloatDistribution\", \"attributes\": {\"step\": null, \"low\": -10.0, \"high\": 10.0, \"log\": false}}"}
{"op_code":6,"worker_id":"23d7458d-abae-4a14-9e90-8f4ff38fb760-139992021446656","trial_id":3,"state":1,"values":[143.60536530993645],"datetime_complete":"2025-10-17T11:26:01.615849"}
{"op_code":4,"worker_id":"23d7458d-abae-4a14-9e90-8f4ff38fb760-139992021446656","study_id":0,"datetime_start":"2025-10-17T11:26:01.628316"}
{"op_code":5,"worker_id":"23d7458d-abae-4a14-9e90-8f4ff38fb760-139992021446656","trial_id":4,"param_name":"x","param_value_internal":-1.7089778498616006,"distribution":"{\"name\": \"FloatDistribution\", \"attributes\": {\"step\": null, \"low\": -10.0, \"high\": 10.0, \"log\": false}}"}
{"op_code":6,"worker_id":"23d7458d-abae-4a14-9e90-8f4ff38fb760-139992021446656","trial_id":4,"state":1,"values":[13.756516690763982],"datetime_complete":"2025-10-17T11:26:01.655130"}
{"op_code":4,"worker_id":"23d7458d-abae-4a14-9e90-8f4ff38fb760-139992021446656","study_id":0,"datetime_start":"2025-10-17T11:26:01.664718"}
{"op_code":5,"worker_id":"23d7458d-abae-4a14-9e90-8f4ff38fb760-139992021446656","trial_id":5,"param_name":"x","param_value_internal":-9.513430660209362,"distribution":"{\"name\": \"FloatDistribution\", \"attributes\": {\"step\": null, \"low\": -10.0, \"high\": 10.0, \"log\": false}}"}
{"op_code":6,"worker_id":"23d7458d-abae-4a14-9e90-8f4ff38fb760-139992021446656","trial_id":5,"state":1,"values":[132.559085567449],"datetime_complete":"2025-10-17T11:26:01.687232"}
{"op_code":4,"worker_id":"23d7458d-abae-4a14-9e90-8f4ff38fb760-139992021446656","study_id":0,"datetime_start":"2025-10-17T11:26:01.696576"}
{"op_code":5,"worker_id":"23d7458d-abae-4a14-9e90-8f4ff38fb760-139992021446656","trial_id":6,"param_name":"x","param_value_internal":2.357658648343639,"distribution":"{\"name\": \"FloatDistribution\", \"attributes\": {\"step\": null, \"low\": -10.0, \"high\": 10.0, \"log\": false}}"}
{"op_code":6,"worker_id":"23d7458d-abae-4a14-9e90-8f4ff38fb760-139992021446656","trial_id":6,"state":1,"values":[0.12791970873499883],"datetime_complete":"2025-10-17T11:26:01.718349"}
{"op_code":4,"worker_id":"23d7458d-abae-4a14-9e90-8f4ff38fb760-139992021446656","study_id":0,"datetime_start":"2025-10-17T11:26:01.728651"}
{"op_code":5,"worker_id":"23d7458d-abae-4a14-9e90-8f4ff38fb760-139992021446656","trial_id":7,"param_name":"x","param_value_internal":0.6509792461107917,"distribution":"{\"name\": \"FloatDistribution\", \"attributes\": {\"step\": null, \"low\": -10.0, \"high\": 10.0, \"log\": false}}"}
{"op_code":6,"worker_id":"23d7458d-abae-4a14-9e90-8f4ff38fb760-139992021446656","trial_id":7,"state":1,"values":[1.8198569944238079],"datetime_complete":"2025-10-17T11:26:01.752793"}
{"op_code":4,"worker_id":"23d7458d-abae-4a14-9e90-8f4ff38fb760-139992021446656","study_id":0,"datetime_start":"2025-10-17T11:26:01.763351"}
{"op_code":5,"worker_id":"23d7458d-abae-4a14-9e90-8f4ff38fb760-139992021446656","trial_id":8,"param_name":"x","param_value_internal":-5.585305658763335,"distribution":"{\"name\": \"FloatDistribution\", \"attributes\": {\"step\": null, \"low\": -10.0, \"high\": 10.0, \"log\": false}}"}
{"op_code":6,"worker_id":"23d7458d-abae-4a14-9e90-8f4ff38fb760-139992021446656","trial_id":8,"state":1,"values":[57.536861936867076],"datetime_complete":"2025-10-17T11:26:01.785576"}
{"op_code":4,"worker_id":"23d7458d-abae-4a14-9e90-8f4ff38fb760-139992021446656","study_id":0,"datetime_start":"2025-10-17T11:26:01.795903"}
{"op_code":5,"worker_id":"23d7458d-abae-4a14-9e90-8f4ff38fb760-139992021446656","trial_id":9,"param_name":"x","param_value_internal":9.861355897659884,"distribution":"{\"name\": \"FloatDistribution\", \"attributes\": {\"step\": null, \"low\": -10.0, \"high\": 10.0, \"log\": false}}"}
{"op_code":6,"worker_id":"23d7458d-abae-4a14-9e90-8f4ff38fb760-139992021446656","trial_id":9,"state":1,"values":[61.80091654967184],"datetime_complete":"2025-10-17T11:26:01.817037"}
{"op_code":4,"worker_id":"23d7458d-abae-4a14-9e90-8f4ff38fb760-139992021446656","study_id":0,"datetime_start":"2025-10-17T11:26:01.827637"}
{"op_code":5,"worker_id":"23d7458d-abae-4a14-9e90-8f4ff38fb760-139992021446656","trial_id":10,"param_name":"x","param_value_internal":-4.984220807172576,"distribution":"{\"name\": \"FloatDistribution\", \"attributes\": {\"step\": null, \"low\": -10.0, \"high\": 10.0, \"log\": false}}"}
{"op_code":6,"worker_id":"23d7458d-abae-4a14-9e90-8f4ff38fb760-139992021446656","trial_id":10,"state":1,"values":[48.77934028334236],"datetime_complete":"2025-10-17T11:26:01.848253"}
{"op_code":4,"worker_id":"23d7458d-abae-4a14-9e90-8f4ff38fb760-139992021446656","study_id":0,"datetime_start":"2025-10-17T11:26:01.858714"}
{"op_code":5,"worker_id":"23d7458d-abae-4a14-9e90-8f4ff38fb760-139992021446656","trial_id":11,"param_name":"x","param_value_internal":-0.6820709799724849,"distribution":"{\"name\": \"FloatDistribution\", \"attributes\": {\"step\": null, \"low\": -10.0, \"high\": 10.0, \"log\": false}}"}
{"op_code":6,"worker_id":"23d7458d-abae-4a14-9e90-8f4ff38fb760-139992021446656","trial_id":11,"state":1,"values":[7.193504741610566],"datetime_complete":"2025-10-17T11:26:01.882388"}
{"op_code":4,"worker_id":"23d7458d-abae-4a14-9e90-8f4ff38fb760-139992021446656","study_id":0,"datetime_start":"2025-10-17T11:26:01.893077"}
{"op_code":5,"worker_id":"23d7458d-abae-4a14-9e90-8f4ff38fb760-139992021446656","trial_id":12,"param_name":"x","param_value_internal":-8.599389115540085,"distribution":"{\"name\": \"FloatDistribution\", \"attributes\": {\"step\": null, \"low\": -10.0, \"high\": 10.0, \"log\": false}}"}
{"op_code":6,"worker_id":"23d7458d-abae-4a14-9e90-8f4ff38fb760-139992021446656","trial_id":12,"state":1,"values":[112.34704962262961],"datetime_complete":"2025-10-17T11:26:01.919095"}
{"op_code":4,"worker_id":"23d7458d-abae-4a14-9e90-8f4ff38fb760-139992021446656","study_id":0,"datetime_start":"2025-10-17T11:26:01.933538"}
{"op_code":5,"worker_id":"23d7458d-abae-4a14-9e90-8f4ff38fb760-139992021446656","trial_id":13,"param_name":"x","param_value_internal":-5.265995559217302,"distribution":"{\"name\": \"FloatDistribution\", \"attributes\": {\"step\": null, \"low\": -10.0, \"high\": 10.0, \"log\": false}}"}
{"op_code":6,"worker_id":"23d7458d-abae-4a14-9e90-8f4ff38fb760-139992021446656","trial_id":13,"state":1,"values":[52.79469146656555],"datetime_complete":"2025-10-17T11:26:01.955659"}
{"op_code":4,"worker_id":"23d7458d-abae-4a14-9e90-8f4ff38fb760-139992021446656","study_id":0,"datetime_start":"2025-10-17T11:26:01.967137"}
{"op_code":5,"worker_id":"23d7458d-abae-4a14-9e90-8f4ff38fb760-139992021446656","trial_id":14,"param_name":"x","param_value_internal":0.6358909803399939,"distribution":"{\"name\": \"FloatDistribution\", \"attributes\": {\"step\": null, \"low\": -10.0, \"high\": 10.0, \"log\": false}}"}
{"op_code":6,"worker_id":"23d7458d-abae-4a14-9e90-8f4ff38fb760-139992021446656","trial_id":14,"state":1,"values":[1.860793417517783],"datetime_complete":"2025-10-17T11:26:01.987244"}
{"op_code":4,"worker_id":"23d7458d-abae-4a14-9e90-8f4ff38fb760-139992021446656","study_id":0,"datetime_start":"2025-10-17T11:26:01.998095"}
{"op_code":5,"worker_id":"23d7458d-abae-4a14-9e90-8f4ff38fb760-139992021446656","trial_id":15,"param_name":"x","param_value_internal":2.7511726264334175,"distribution":"{\"name\": \"FloatDistribution\", \"attributes\": {\"step\": null, \"low\": -10.0, \"high\": 10.0, \"log\": false}}"}
{"op_code":6,"worker_id":"23d7458d-abae-4a14-9e90-8f4ff38fb760-139992021446656","trial_id":15,"state":1,"values":[0.5642603147028786],"datetime_complete":"2025-10-17T11:26:02.017466"}
{"op_code":4,"worker_id":"23d7458d-abae-4a14-9e90-8f4ff38fb760-139992021446656","study_id":0,"datetime_start":"2025-10-17T11:26:02.029362"}
{"op_code":5,"worker_id":"23d7458d-abae-4a14-9e90-8f4ff38fb760-139992021446656","trial_id":16,"param_name":"x","param_value_internal":-3.8825956503406562,"distribution":"{\"name\": \"FloatDistribution\", \"attributes\": {\"step\": null, \"low\": -10.0, \"high\": 10.0, \"log\": false}}"}
{"op_code":6,"worker_id":"23d7458d-abae-4a14-9e90-8f4ff38fb760-139992021446656","trial_id":16,"state":1,"values":[34.60493158540681],"datetime_complete":"2025-10-17T11:26:02.051920"}
{"op_code":4,"worker_id":"23d7458d-abae-4a14-9e90-8f4ff38fb760-139992021446656","study_id":0,"datetime_start":"2025-10-17T11:26:02.065914"}
{"op_code":5,"worker_id":"23d7458d-abae-4a14-9e90-8f4ff38fb760-139992021446656","trial_id":17,"param_name":"x","param_value_internal":-1.6313063754225272,"distribution":"{\"name\": \"FloatDistribution\", \"attributes\": {\"step\": null, \"low\": -10.0, \"high\": 10.0, \"log\": false}}"}
{"op_code":6,"worker_id":"23d7458d-abae-4a14-9e90-8f4ff38fb760-139992021446656","trial_id":17,"state":1,"values":[13.186385992184292],"datetime_complete":"2025-10-17T11:26:02.086808"}
{"op_code":4,"worker_id":"23d7458d-abae-4a14-9e90-8f4ff38fb760-139992021446656","study_id":0,"datetime_start":"2025-10-17T11:26:02.096831"}
{"op_code":5,"worker_id":"23d7458d-abae-4a14-9e90-8f4ff38fb760-139992021446656","trial_id":18,"param_name":"x","param_value_internal":7.857197321138926,"distribution":"{\"name\": \"FloatDistribution\", \"attributes\": {\"step\": null, \"low\": -10.0, \"high\": 10.0, \"log\": false}}"}
{"op_code":6,"worker_id":"23d7458d-abae-4a14-9e90-8f4ff38fb760-139992021446656","trial_id":18,"state":1,"values":[34.30676045875701],"datetime_complete":"2025-10-17T11:26:02.116835"}
{"op_code":4,"worker_id":"23d7458d-abae-4a14-9e90-8f4ff38fb760-139992021446656","study_id":0,"datetime_start":"2025-10-17T11:26:02.133773"}
{"op_code":5,"worker_id":"23d7458d-abae-4a14-9e90-8f4ff38fb760-139992021446656","trial_id":19,"param_name":"x","param_value_internal":-2.552474516269447,"distribution":"{\"name\": \"FloatDistribution\", \"attributes\": {\"step\": null, \"low\": -10.0, \"high\": 10.0, \"log\": false}}"}
{"op_code":6,"worker_id":"23d7458d-abae-4a14-9e90-8f4ff38fb760-139992021446656","trial_id":19,"state":1,"values":[20.725024221282734],"datetime_complete":"2025-10-17T11:26:02.158020"}
{"op_code":4,"worker_id":"23d7458d-abae-4a14-9e90-8f4ff38fb760-139992021446656","study_id":0,"datetime_start":"2025-10-17T11:26:02.167738"}
{"op_code":5,"worker_id":"23d7458d-abae-4a14-9e90-8f4ff38fb760-139992021446656","trial_id":20,"param_name":"x","param_value_internal":-1.133305884069724,"distribution":"{\"name\": \"FloatDistribution\", \"attributes\": {\"step\": null, \"low\": -10.0, \"high\": 10.0, \"log\": false}}"}
{"op_code":6,"worker_id":"23d7458d-abae-4a14-9e90-8f4ff38fb760-139992021446656","trial_id":20,"state":1,"values":[9.817605763145956],"datetime_complete":"2025-10-17T11:26:02.192011"}
{"op_code":4,"worker_id":"23d7458d-abae-4a14-9e90-8f4ff38fb760-139992021446656","study_id":0,"datetime_start":"2025-10-17T11:26:02.201274"}
{"op_code":5,"worker_id":"23d7458d-abae-4a14-9e90-8f4ff38fb760-139992021446656","trial_id":21,"param_name":"x","param_value_internal":-7.949521341079446,"distribution":"{\"name\": \"FloatDistribution\", \"attributes\": {\"step\": null, \"low\": -10.0, \"high\": 10.0, \"log\": false}}"}
{"op_code":6,"worker_id":"23d7458d-abae-4a14-9e90-8f4ff38fb760-139992021446656","trial_id":21,"state":1,"values":[98.99297491659534],"datetime_complete":"2025-10-17T11:26:02.219651"}
{"op_code":4,"worker_id":"23d7458d-abae-4a14-9e90-8f4ff38fb760-139992021446656","study_id":0,"datetime_start":"2025-10-17T11:26:02.229341"}
{"op_code":5,"worker_id":"23d7458d-abae-4a14-9e90-8f4ff38fb760-139992021446656","trial_id":22,"param_name":"x","param_value_internal":-9.170468165422395,"distribution":"{\"name\": \"FloatDistribution\", \"attributes\": {\"step\": null, \"low\": -10.0, \"high\": 10.0, \"log\": false}}"}
{"op_code":6,"worker_id":"23d7458d-abae-4a14-9e90-8f4ff38fb760-139992021446656","trial_id":22,"state":1,"values":[124.77935903471517],"datetime_complete":"2025-10-17T11:26:02.249313"}
{"op_code":4,"worker_id":"23d7458d-abae-4a14-9e90-8f4ff38fb760-139992021446656","study_id":0,"datetime_start":"2025-10-17T11:26:02.258246"}
{"op_code":5,"worker_id":"23d7458d-abae-4a14-9e90-8f4ff38fb760-139992021446656","trial_id":23,"param_name":"x","param_value_internal":0.4191748228097083,"distribution":"{\"name\": \"FloatDistribution\", \"attributes\": {\"step\": null, \"low\": -10.0, \"high\": 10.0, \"log\": false}}"}
{"op_code":6,"worker_id":"23d7458d-abae-4a14-9e90-8f4ff38fb760-139992021446656","trial_id":23,"state":1,"values":[2.4990082408387173],"datetime_complete":"2025-10-17T11:26:02.281157"}
{"op_code":4,"worker_id":"23d7458d-abae-4a14-9e90-8f4ff38fb760-139992021446656","study_id":0,"datetime_start":"2025-10-17T11:26:02.292488"}
{"op_code":5,"worker_id":"23d7458d-abae-4a14-9e90-8f4ff38fb760-139992021446656","trial_id":24,"param_name":"x","param_value_internal":5.270978905565043,"distribution":"{\"name\": \"FloatDistribution\", \"attributes\": {\"step\": null, \"low\": -10.0, \"high\": 10.0, \"log\": false}}"}
{"op_code":6,"worker_id":"23d7458d-abae-4a14-9e90-8f4ff38fb760-139992021446656","trial_id":24,"state":1,"values":[10.699303000651486],"datetime_complete":"2025-10-17T11:26:02.311044"}
{"op_code":4,"worker_id":"23d7458d-abae-4a14-9e90-8f4ff38fb760-139992021446656","study_id":0,"datetime_start":"2025-10-17T11:26:02.321441"}
{"op_code":5,"worker_id":"23d7458d-abae-4a14-9e90-8f4ff38fb760-139992021446656","trial_id":25,"param_name":"x","param_value_internal":9.793742992009264,"distribution":"{\"name\": \"FloatDistribution\", \"attributes\": {\"step\": null, \"low\": -10.0, \"high\": 10.0, \"log\": false}}"}
{"op_code":6,"worker_id":"23d7458d-abae-4a14-9e90-8f4ff38fb760-139992021446656","trial_id":25,"state":1,"values":[60.74242982549352],"datetime_complete":"2025-10-17T11:26:02.341087"}
{"op_code":4,"worker_id":"23d7458d-abae-4a14-9e90-8f4ff38fb760-139992021446656","study_id":0,"datetime_start":"2025-10-17T11:26:02.351630"}
{"op_code":5,"worker_id":"23d7458d-abae-4a14-9e90-8f4ff38fb760-139992021446656","trial_id":26,"param_name":"x","param_value_internal":4.4717174028428825,"distribution":"{\"name\": \"FloatDistribution\", \"attributes\": {\"step\": null, \"low\": -10.0, \"high\": 10.0, \"log\": false}}"}
{"op_code":6,"worker_id":"23d7458d-abae-4a14-9e90-8f4ff38fb760-139992021446656","trial_id":26,"state":1,"values":[6.109386919516364],"datetime_complete":"2025-10-17T11:26:02.372330"}
{"op_code":4,"worker_id":"23d7458d-abae-4a14-9e90-8f4ff38fb760-139992021446656","study_id":0,"datetime_start":"2025-10-17T11:26:02.392371"}
{"op_code":5,"worker_id":"23d7458d-abae-4a14-9e90-8f4ff38fb760-139992021446656","trial_id":27,"param_name":"x","param_value_internal":3.155463171339255,"distribution":"{\"name\": \"FloatDistribution\", \"attributes\": {\"step\": null, \"low\": -10.0, \"high\": 10.0, \"log\": false}}"}
{"op_code":6,"worker_id":"23d7458d-abae-4a14-9e90-8f4ff38fb760-139992021446656","trial_id":27,"state":1,"values":[1.3350951403213684],"datetime_complete":"2025-10-17T11:26:02.440314"}
{"op_code":4,"worker_id":"23d7458d-abae-4a14-9e90-8f4ff38fb760-139992021446656","study_id":0,"datetime_start":"2025-10-17T11:26:02.455259"}
{"op_code":5,"worker_id":"23d7458d-abae-4a14-9e90-8f4ff38fb760-139992021446656","trial_id":28,"param_name":"x","param_value_internal":8.918649735025642,"distribution":"{\"name\": \"FloatDistribution\", \"attributes\": {\"step\": null, \"low\": -10.0, \"high\": 10.0, \"log\": false}}"}
{"op_code":6,"worker_id":"23d7458d-abae-4a14-9e90-8f4ff38fb760-139992021446656","trial_id":28,"state":1,"values":[47.86771415597039],"datetime_complete":"2025-10-17T11:26:02.475835"}
{"op_code":4,"worker_id":"23d7458d-abae-4a14-9e90-8f4ff38fb760-139992021446656","study_id":0,"datetime_start":"2025-10-17T11:26:02.484759"}
{"op_code":5,"worker_id":"23d7458d-abae-4a14-9e90-8f4ff38fb760-139992021446656","trial_id":29,"param_name":"x","param_value_internal":-2.794690801840762,"distribution":"{\"name\": \"FloatDistribution\", \"attributes\": {\"step\": null, \"low\": -10.0, \"high\": 10.0, \"log\": false}}"}
{"op_code":6,"worker_id":"23d7458d-abae-4a14-9e90-8f4ff38fb760-139992021446656","trial_id":29,"state":1,"values":[22.98905988525641],"datetime_complete":"2025-10-17T11:26:02.502653"}
{"op_code":4,"worker_id":"23d7458d-abae-4a14-9e90-8f4ff38fb760-139992021446656","study_id":0,"datetime_start":"2025-10-17T11:26:02.512254"}
{"op_code":5,"worker_id":"23d7458d-abae-4a14-9e90-8f4ff38fb760-139992021446656","trial_id":30,"param_name":"x","param_value_internal":-8.350174052708494,"distribution":"{\"name\": \"FloatDistribution\", \"attributes\": {\"step\": null, \"low\": -10.0, \"high\": 10.0, \"log\": false}}"}
{"op_code":6,"worker_id":"23d7458d-abae-4a14-9e90-8f4ff38fb760-139992021446656","trial_id":30,"state":1,"values":[107.12610292136019],"datetime_complete":"2025-10-17T11:26:02.530553"}
{"op_code":4,"worker_id":"23d7458d-abae-4a14-9e90-8f4ff38fb760-139992021446656","study_id":0,"datetime_start":"2025-10-17T11:26:02.542425"}
{"op_code":5,"worker_id":"23d7458d-abae-4a14-9e90-8f4ff38fb760-139992021446656","trial_id":31,"param_name":"x","param_value_internal":8.23373990610579,"distribution":"{\"name\": \"FloatDistribution\", \"attributes\": {\"step\": null, \"low\": -10.0, \"high\": 10.0, \"log\": false}}"}
{"op_code":6,"worker_id":"23d7458d-abae-4a14-9e90-8f4ff38fb760-139992021446656","trial_id":31,"state":1,"values":[38.85951321697581],"datetime_complete":"2025-10-17T11:26:02.561603"}
{"op_code":4,"worker_id":"23d7458d-abae-4a14-9e90-8f4ff38fb760-139992021446656","study_id":0,"datetime_start":"2025-10-17T11:26:02.571581"}
{"op_code":5,"worker_id":"23d7458d-abae-4a14-9e90-8f4ff38fb760-139992021446656","trial_id":32,"param_name":"x","param_value_internal":-0.8963275449026398,"distribution":"{\"name\": \"FloatDistribution\", \"attributes\": {\"step\": null, \"low\": -10.0, \"high\": 10.0, \"log\": false}}"}
{"op_code":6,"worker_id":"23d7458d-abae-4a14-9e90-8f4ff38fb760-139992021446656","trial_id":32,"state":1,"values":[8.388713247361753],"datetime_complete":"2025-10-17T11:26:02.592079"}
{"op_code":4,"worker_id":"23d7458d-abae-4a14-9e90-8f4ff38fb760-139992021446656","study_id":0,"datetime_start":"2025-10-17T11:26:02.601459"}
{"op_code":5,"worker_id":"23d7458d-abae-4a14-9e90-8f4ff38fb760-139992021446656","trial_id":33,"param_name":"x","param_value_internal":4.729987554947538,"distribution":"{\"name\": \"FloatDistribution\", \"attributes\": {\"step\": null, \"low\": -10.0, \"high\": 10.0, \"log\": false}}"}
{"op_code":6,"worker_id":"23d7458d-abae-4a14-9e90-8f4ff38fb760-139992021446656","trial_id":33,"state":1,"values":[7.452832050168437],"datetime_complete":"2025-10-17T11:26:02.623046"}
{"op_code":4,"worker_id":"23d7458d-abae-4a14-9e90-8f4ff38fb760-139992021446656","study_id":0,"datetime_start":"2025-10-17T11:26:02.631688"}
{"op_code":5,"worker_id":"23d7458d-abae-4a14-9e90-8f4ff38fb760-139992021446656","trial_id":34,"param_name":"x","param_value_internal":-2.723999674289381,"distribution":"{\"name\": \"FloatDistribution\", \"attributes\": {\"step\": null, \"low\": -10.0, \"high\": 10.0, \"log\": false}}"}
{"op_code":6,"worker_id":"23d7458d-abae-4a14-9e90-8f4ff38fb760-139992021446656","trial_id":34,"state":1,"values":[22.316172922686174],"datetime_complete":"2025-10-17T11:26:02.650070"}
{"op_code":4,"worker_id":"23d7458d-abae-4a14-9e90-8f4ff38fb760-139992021446656","study_id":0,"datetime_start":"2025-10-17T11:26:02.660577"}
{"op_code":5,"worker_id":"23d7458d-abae-4a14-9e90-8f4ff38fb760-139992021446656","trial_id":35,"param_name":"x","param_value_internal":5.202161914456642,"distribution":"{\"name\": \"FloatDistribution\", \"attributes\": {\"step\": null, \"low\": -10.0, \"high\": 10.0, \"log\": false}}"}
{"op_code":6,"worker_id":"23d7458d-abae-4a14-9e90-8f4ff38fb760-139992021446656","trial_id":35,"state":1,"values":[10.253840926396627],"datetime_complete":"2025-10-17T11:26:02.679396"}
{"op_code":4,"worker_id":"23d7458d-abae-4a14-9e90-8f4ff38fb760-139992021446656","study_id":0,"datetime_start":"2025-10-17T11:26:02.688282"}
{"op_code":5,"worker_id":"23d7458d-abae-4a14-9e90-8f4ff38fb760-139992021446656","trial_id":36,"param_name":"x","param_value_internal":1.4939274021111704,"distribution":"{\"name\": \"FloatDistribution\", \"attributes\": {\"step\": null, \"low\": -10.0, \"high\": 10.0, \"log\": false}}"}
{"op_code":6,"worker_id":"23d7458d-abae-4a14-9e90-8f4ff38fb760-139992021446656","trial_id":36,"state":1,"values":[0.25610947433394904],"datetime_complete":"2025-10-17T11:26:02.708077"}
{"op_code":4,"worker_id":"23d7458d-abae-4a14-9e90-8f4ff38fb760-139992021446656","study_id":0,"datetime_start":"2025-10-17T11:26:02.716451"}
{"op_code":5,"worker_id":"23d7458d-abae-4a14-9e90-8f4ff38fb760-139992021446656","trial_id":37,"param_name":"x","param_value_internal":8.638745280059577,"distribution":"{\"name\": \"FloatDistribution\", \"attributes\": {\"step\": null, \"low\": -10.0, \"high\": 10.0, \"log\": false}}"}
{"op_code":6,"worker_id":"23d7458d-abae-4a14-9e90-8f4ff38fb760-139992021446656","trial_id":37,"state":1,"values":[44.07293889351332],"datetime_complete":"2025-10-17T11:26:02.734222"}
{"op_code":4,"worker_id":"23d7458d-abae-4a14-9e90-8f4ff38fb760-139992021446656","study_id":0,"datetime_start":"2025-10-17T11:26:02.743779"}
{"op_code":5,"worker_id":"23d7458d-abae-4a14-9e90-8f4ff38fb760-139992021446656","trial_id":38,"param_name":"x","param_value_internal":-4.639246703666946,"distribution":"{\"name\": \"FloatDistribution\", \"attributes\": {\"step\": null, \"low\": -10.0, \"high\": 10.0, \"log\": false}}"}
{"op_code":6,"worker_id":"23d7458d-abae-4a14-9e90-8f4ff38fb760-139992021446656","trial_id":38,"state":1,"values":[44.07959679215241],"datetime_complete":"2025-10-17T11:26:02.761624"}
{"op_code":4,"worker_id":"23d7458d-abae-4a14-9e90-8f4ff38fb760-139992021446656","study_id":0,"datetime_start":"2025-10-17T11:26:02.771876"}
{"op_code":5,"worker_id":"23d7458d-abae-4a14-9e90-8f4ff38fb760-139992021446656","trial_id":39,"param_name":"x","param_value_internal":8.739017274422533,"distribution":"{\"name\": \"FloatDistribution\", \"attributes\": {\"step\": null, \"low\": -10.0, \"high\": 10.0, \"log\": false}}"}
{"op_code":6,"worker_id":"23d7458d-abae-4a14-9e90-8f4ff38fb760-139992021446656","trial_id":39,"state":1,"values":[45.41435382496531],"datetime_complete":"2025-10-17T11:26:02.793642"}
{"op_code":4,"worker_id":"23d7458d-abae-4a14-9e90-8f4ff38fb760-139992021446656","study_id":0,"datetime_start":"2025-10-17T11:26:02.803311"}
{"op_code":5,"worker_id":"23d7458d-abae-4a14-9e90-8f4ff38fb760-139992021446656","trial_id":40,"param_name":"x","param_value_internal":-9.031756120702203,"distribution":"{\"name\": \"FloatDistribution\", \"attributes\": {\"step\": null, \"low\": -10.0, \"high\": 10.0, \"log\": false}}"}
{"op_code":6,"worker_id":"23d7458d-abae-4a14-9e90-8f4ff38fb760-139992021446656","trial_id":40,"state":1,"values":[121.69964310665053],"datetime_complete":"2025-10-17T11:26:02.823342"}
{"op_code":4,"worker_id":"23d7458d-abae-4a14-9e90-8f4ff38fb760-139992021446656","study_id":0,"datetime_start":"2025-10-17T11:26:02.832741"}
{"op_code":5,"worker_id":"23d7458d-abae-4a14-9e90-8f4ff38fb760-139992021446656","trial_id":41,"param_name":"x","param_value_internal":-4.897768760788019,"distribution":"{\"name\": \"FloatDistribution\", \"attributes\": {\"step\": null, \"low\": -10.0, \"high\": 10.0, \"log\": false}}"}
{"op_code":6,"worker_id":"23d7458d-abae-4a14-9e90-8f4ff38fb760-139992021446656","trial_id":41,"state":1,"values":[47.57921387730309],"datetime_complete":"2025-10-17T11:26:02.851315"}
{"op_code":4,"worker_id":"23d7458d-abae-4a14-9e90-8f4ff38fb760-139992021446656","study_id":0,"datetime_start":"2025-10-17T11:26:02.860532"}
{"op_code":5,"worker_id":"23d7458d-abae-4a14-9e90-8f4ff38fb760-139992021446656","trial_id":42,"param_name":"x","param_value_internal":-5.7858627291287394,"distribution":"{\"name\": \"FloatDistribution\", \"attributes\": {\"step\": null, \"low\": -10.0, \"high\": 10.0, \"log\": false}}"}
{"op_code":6,"worker_id":"23d7458d-abae-4a14-9e90-8f4ff38fb760-139992021446656","trial_id":42,"state":1,"values":[60.619658436836026],"datetime_complete":"2025-10-17T11:26:02.879277"}
{"op_code":4,"worker_id":"23d7458d-abae-4a14-9e90-8f4ff38fb760-139992021446656","study_id":0,"datetime_start":"2025-10-17T11:26:02.888613"}
{"op_code":5,"worker_id":"23d7458d-abae-4a14-9e90-8f4ff38fb760-139992021446656","trial_id":43,"param_name":"x","param_value_internal":-9.856948697448898,"distribution":"{\"name\": \"FloatDistribution\", \"attributes\": {\"step\": null, \"low\": -10.0, \"high\": 10.0, \"log\": false}}"}
{"op_code":6,"worker_id":"23d7458d-abae-4a14-9e90-8f4ff38fb760-139992021446656","trial_id":43,"state":1,"values":[140.5872324139351],"datetime_complete":"2025-10-17T11:26:02.908804"}
{"op_code":4,"worker_id":"23d7458d-abae-4a14-9e90-8f4ff38fb760-139992021446656","study_id":0,"datetime_start":"2025-10-17T11:26:02.917588"}
{"op_code":5,"worker_id":"23d7458d-abae-4a14-9e90-8f4ff38fb760-139992021446656","trial_id":44,"param_name":"x","param_value_internal":6.5751209268569895,"distribution":"{\"name\": \"FloatDistribution\", \"attributes\": {\"step\": null, \"low\": -10.0, \"high\": 10.0, \"log\": false}}"}
{"op_code":6,"worker_id":"23d7458d-abae-4a14-9e90-8f4ff38fb760-139992021446656","trial_id":44,"state":1,"values":[20.931731495364758],"datetime_complete":"2025-10-17T11:26:02.938271"}
{"op_code":4,"worker_id":"23d7458d-abae-4a14-9e90-8f4ff38fb760-139992021446656","study_id":0,"datetime_start":"2025-10-17T11:26:02.948904"}
{"op_code":5,"worker_id":"23d7458d-abae-4a14-9e90-8f4ff38fb760-139992021446656","trial_id":45,"param_name":"x","param_value_internal":9.629588401962259,"distribution":"{\"name\": \"FloatDistribution\", \"attributes\": {\"step\": null, \"low\": -10.0, \"high\": 10.0, \"log\": false}}"}
{"op_code":6,"worker_id":"23d7458d-abae-4a14-9e90-8f4ff38fb760-139992021446656","trial_id":45,"state":1,"values":[58.21061918335702],"datetime_complete":"2025-10-17T11:26:02.966244"}
{"op_code":4,"worker_id":"23d7458d-abae-4a14-9e90-8f4ff38fb760-139992021446656","study_id":0,"datetime_start":"2025-10-17T11:26:02.976289"}
{"op_code":5,"worker_id":"23d7458d-abae-4a14-9e90-8f4ff38fb760-139992021446656","trial_id":46,"param_name":"x","param_value_internal":-1.844179787333104,"distribution":"{\"name\": \"FloatDistribution\", \"attributes\": {\"step\": null, \"low\": -10.0, \"high\": 10.0, \"log\": false}}"}
{"op_code":6,"worker_id":"23d7458d-abae-4a14-9e90-8f4ff38fb760-139992021446656","trial_id":46,"state":1,"values":[14.77771823734039],"datetime_complete":"2025-10-17T11:26:02.995327"}
{"op_code":4,"worker_id":"23d7458d-abae-4a14-9e90-8f4ff38fb760-139992021446656","study_id":0,"datetime_start":"2025-10-17T11:26:03.005082"}
{"op_code":5,"worker_id":"23d7458d-abae-4a14-9e90-8f4ff38fb760-139992021446656","trial_id":47,"param_name":"x","param_value_internal":-1.4621372259102792,"distribution":"{\"name\": \"FloatDistribution\", \"attributes\": {\"step\": null, \"low\": -10.0, \"high\": 10.0, \"log\": false}}"}
{"op_code":6,"worker_id":"23d7458d-abae-4a14-9e90-8f4ff38fb760-139992021446656","trial_id":47,"state":1,"values":[11.986394171033723],"datetime_complete":"2025-10-17T11:26:03.024439"}
{"op_code":4,"worker_id":"23d7458d-abae-4a14-9e90-8f4ff38fb760-139992021446656","study_id":0,"datetime_start":"2025-10-17T11:26:03.033067"}
{"op_code":5,"worker_id":"23d7458d-abae-4a14-9e90-8f4ff38fb760-139992021446656","trial_id":48,"param_name":"x","param_value_internal":-1.911310091682827,"distribution":"{\"name\": \"FloatDistribution\", \"attributes\": {\"step\": null, \"low\": -10.0, \"high\": 10.0, \"log\": false}}"}
{"op_code":6,"worker_id":"23d7458d-abae-4a14-9e90-8f4ff38fb760-139992021446656","trial_id":48,"state":1,"values":[15.298346633299925],"datetime_complete":"2025-10-17T11:26:03.051810"}
{"op_code":4,"worker_id":"23d7458d-abae-4a14-9e90-8f4ff38fb760-139992021446656","study_id":0,"datetime_start":"2025-10-17T11:26:03.060924"}
{"op_code":5,"worker_id":"23d7458d-abae-4a14-9e90-8f4ff38fb760-139992021446656","trial_id":49,"param_name":"x","param_value_internal":0.41228385343246465,"distribution":"{\"name\": \"FloatDistribution\", \"attributes\": {\"step\": null, \"low\": -10.0, \"high\": 10.0, \"log\": false}}"}
{"op_code":6,"worker_id":"23d7458d-abae-4a14-9e90-8f4ff38fb760-139992021446656","trial_id":49,"state":1,"values":[2.5208425620712633],"datetime_complete":"2025-10-17T11:26:03.081592"}
{"op_code":4,"worker_id":"23d7458d-abae-4a14-9e90-8f4ff38fb760-139992021446656","study_id":0,"datetime_start":"2025-10-17T11:26:03.090386"}
{"op_code":5,"worker_id":"23d7458d-abae-4a14-9e90-8f4ff38fb760-139992021446656","trial_id":50,"param_name":"x","param_value_internal":-3.9262743457643374,"distribution":"{\"name\": \"FloatDistribution\", \"attributes\": {\"step\": null, \"low\": -10.0, \"high\": 10.0, \"log\": false}}"}
{"op_code":6,"worker_id":"23d7458d-abae-4a14-9e90-8f4ff38fb760-139992021446656","trial_id":50,"state":1,"values":[35.12072762126453],"datetime_complete":"2025-10-17T11:26:03.108391"}
{"op_code":4,"worker_id":"23d7458d-abae-4a14-9e90-8f4ff38fb760-139992021446656","study_id":0,"datetime_start":"2025-10-17T11:26:03.119488"}
{"op_code":5,"worker_id":"23d7458d-abae-4a14-9e90-8f4ff38fb760-139992021446656","trial_id":51,"param_name":"x","param_value_internal":-3.2175202439726487,"distribution":"{\"name\": \"FloatDistribution\", \"attributes\": {\"step\": null, \"low\": -10.0, \"high\": 10.0, \"log\": false}}"}
{"op_code":6,"worker_id":"23d7458d-abae-4a14-9e90-8f4ff38fb760-139992021446656","trial_id":51,"state":1,"values":[27.22251749626441],"datetime_complete":"2025-10-17T11:26:03.136136"}
{"op_code":4,"worker_id":"23d7458d-abae-4a14-9e90-8f4ff38fb760-139992021446656","study_id":0,"datetime_start":"2025-10-17T11:26:03.145769"}
{"op_code":5,"worker_id":"23d7458d-abae-4a14-9e90-8f4ff38fb760-139992021446656","trial_id":52,"param_name":"x","param_value_internal":4.9329006905078145,"distribution":"{\"name\": \"FloatDistribution\", \"attributes\": {\"step\": null, \"low\": -10.0, \"high\": 10.0, \"log\": false}}"}
{"op_code":6,"worker_id":"23d7458d-abae-4a14-9e90-8f4ff38fb760-139992021446656","trial_id":52,"state":1,"values":[8.601906460381215],"datetime_complete":"2025-10-17T11:26:03.166097"}
{"op_code":4,"worker_id":"23d7458d-abae-4a14-9e90-8f4ff38fb760-139992021446656","study_id":0,"datetime_start":"2025-10-17T11:26:03.175924"}
{"op_code":5,"worker_id":"23d7458d-abae-4a14-9e90-8f4ff38fb760-139992021446656","trial_id":53,"param_name":"x","param_value_internal":-8.37225968423108,"distribution":"{\"name\": \"FloatDistribution\", \"attributes\": {\"step\": null, \"low\": -10.0, \"high\": 10.0, \"log\": false}}"}
{"op_code":6,"worker_id":"23d7458d-abae-4a14-9e90-8f4ff38fb760-139992021446656","trial_id":53,"state":1,"values":[107.58377095712542],"datetime_complete":"2025-10-17T11:26:03.197406"}
{"op_code":4,"worker_id":"23d7458d-abae-4a14-9e90-8f4ff38fb760-139992021446656","study_id":0,"datetime_start":"2025-10-17T11:26:03.208017"}
{"op_code":5,"worker_id":"23d7458d-abae-4a14-9e90-8f4ff38fb760-139992021446656","trial_id":54,"param_name":"x","param_value_internal":-0.2884014525855516,"distribution":"{\"name\": \"FloatDistribution\", \"attributes\": {\"step\": null, \"low\": -10.0, \"high\": 10.0, \"log\": false}}"}
{"op_code":6,"worker_id":"23d7458d-abae-4a14-9e90-8f4ff38fb760-139992021446656","trial_id":54,"state":1,"values":[5.236781208195662],"datetime_complete":"2025-10-17T11:26:03.224928"}
{"op_code":4,"worker_id":"23d7458d-abae-4a14-9e90-8f4ff38fb760-139992021446656","study_id":0,"datetime_start":"2025-10-17T11:26:03.235783"}
{"op_code":5,"worker_id":"23d7458d-abae-4a14-9e90-8f4ff38fb760-139992021446656","trial_id":55,"param_name":"x","param_value_internal":7.807456203577267,"distribution":"{\"name\": \"FloatDistribution\", \"attributes\": {\"step\": null, \"low\": -10.0, \"high\": 10.0, \"log\": false}}"}
{"op_code":6,"worker_id":"23d7458d-abae-4a14-9e90-8f4ff38fb760-139992021446656","trial_id":55,"state":1,"values":[33.726547556468084],"datetime_complete":"2025-10-17T11:26:03.253478"}
{"op_code":4,"worker_id":"23d7458d-abae-4a14-9e90-8f4ff38fb760-139992021446656","study_id":0,"datetime_start":"2025-10-17T11:26:03.263548"}
{"op_code":5,"worker_id":"23d7458d-abae-4a14-9e90-8f4ff38fb760-139992021446656","trial_id":56,"param_name":"x","param_value_internal":-8.374710110417983,"distribution":"{\"name\": \"FloatDistribution\", \"attributes\": {\"step\": null, \"low\": -10.0, \"high\": 10.0, \"log\": false}}"}
{"op_code":6,"worker_id":"23d7458d-abae-4a14-9e90-8f4ff38fb760-139992021446656","trial_id":56,"state":1,"values":[107.63460987520911],"datetime_complete":"2025-10-17T11:26:03.281506"}
{"op_code":4,"worker_id":"23d7458d-abae-4a14-9e90-8f4ff38fb760-139992021446656","study_id":0,"datetime_start":"2025-10-17T11:26:03.290410"}
{"op_code":5,"worker_id":"23d7458d-abae-4a14-9e90-8f4ff38fb760-139992021446656","trial_id":57,"param_name":"x","param_value_internal":4.852028269475166,"distribution":"{\"name\": \"FloatDistribution\", \"attributes\": {\"step\": null, \"low\": -10.0, \"high\": 10.0, \"log\": false}}"}
{"op_code":6,"worker_id":"23d7458d-abae-4a14-9e90-8f4ff38fb760-139992021446656","trial_id":57,"state":1,"values":[8.134065249885513],"datetime_complete":"2025-10-17T11:26:03.309386"}
{"op_code":4,"worker_id":"23d7458d-abae-4a14-9e90-8f4ff38fb760-139992021446656","study_id":0,"datetime_start":"2025-10-17T11:26:03.319606"}
{"op_code":5,"worker_id":"23d7458d-abae-4a14-9e90-8f4ff38fb760-139992021446656","trial_id":58,"param_name":"x","param_value_internal":-3.834083963690526,"distribution":"{\"name\": \"FloatDistribution\", \"attributes\": {\"step\": null, \"low\": -10.0, \"high\": 10.0, \"log\": false}}"}
{"op_code":6,"worker_id":"23d7458d-abae-4a14-9e90-8f4ff38fb760-139992021446656","trial_id":58,"state":1,"values":[34.03653569539096],"datetime_complete":"2025-10-17T11:26:03.338073"}
{"op_code":4,"worker_id":"23d7458d-abae-4a14-9e90-8f4ff38fb760-139992021446656","study_id":0,"datetime_start":"2025-10-17T11:26:03.348485"}
{"op_code":5,"worker_id":"23d7458d-abae-4a14-9e90-8f4ff38fb760-139992021446656","trial_id":59,"param_name":"x","param_value_internal":3.0245654892086264,"distribution":"{\"name\": \"FloatDistribution\", \"attributes\": {\"step\": null, \"low\": -10.0, \"high\": 10.0, \"log\": false}}"}
{"op_code":6,"worker_id":"23d7458d-abae-4a14-9e90-8f4ff38fb760-139992021446656","trial_id":59,"state":1,"values":[1.049734441677312],"datetime_complete":"2025-10-17T11:26:03.365578"}
{"op_code":4,"worker_id":"23d7458d-abae-4a14-9e90-8f4ff38fb760-139992021446656","study_id":0,"datetime_start":"2025-10-17T11:26:03.375615"}
{"op_code":5,"worker_id":"23d7458d-abae-4a14-9e90-8f4ff38fb760-139992021446656","trial_id":60,"param_name":"x","param_value_internal":9.02466673152993,"distribution":"{\"name\": \"FloatDistribution\", \"attributes\": {\"step\": null, \"low\": -10.0, \"high\": 10.0, \"log\": false}}"}
{"op_code":6,"worker_id":"23d7458d-abae-4a14-9e90-8f4ff38fb760-139992021446656","trial_id":60,"state":1,"values":[49.345942689063385],"datetime_complete":"2025-10-17T11:26:03.393588"}
{"op_code":4,"worker_id":"23d7458d-abae-4a14-9e90-8f4ff38fb760-139992021446656","study_id":0,"datetime_start":"2025-10-17T11:26:03.402632"}
{"op_code":5,"worker_id":"23d7458d-abae-4a14-9e90-8f4ff38fb760-139992021446656","trial_id":61,"param_name":"x","param_value_internal":8.481477717999798,"distribution":"{\"name\": \"FloatDistribution\", \"attributes\": {\"step\": null, \"low\": -10.0, \"high\": 10.0, \"log\": false}}"}
{"op_code":6,"worker_id":"23d7458d-abae-4a14-9e90-8f4ff38fb760-139992021446656","trial_id":61,"state":1,"values":[42.00955340892787],"datetime_complete":"2025-10-17T11:26:03.422285"}
{"op_code":4,"worker_id":"23d7458d-abae-4a14-9e90-8f4ff38fb760-139992021446656","study_id":0,"datetime_start":"2025-10-17T11:26:03.431363"}
{"op_code":5,"worker_id":"23d7458d-abae-4a14-9e90-8f4ff38fb760-139992021446656","trial_id":62,"param_name":"x","param_value_internal":-8.974080571736518,"distribution":"{\"name\": \"FloatDistribution\", \"attributes\": {\"step\": null, \"low\": -10.0, \"high\": 10.0, \"log\": false}}"}
{"op_code":6,"worker_id":"23d7458d-abae-4a14-9e90-8f4ff38fb760-139992021446656","trial_id":62,"state":1,"values":[120.43044439496491],"datetime_complete":"2025-10-17T11:26:03.450874"}
{"op_code":4,"worker_id":"23d7458d-abae-4a14-9e90-8f4ff38fb760-139992021446656","study_id":0,"datetime_start":"2025-10-17T11:26:03.460407"}
{"op_code":5,"worker_id":"23d7458d-abae-4a14-9e90-8f4ff38fb760-139992021446656","trial_id":63,"param_name":"x","param_value_internal":7.950709089981203,"distribution":"{\"name\": \"FloatDistribution\", \"attributes\": {\"step\": null, \"low\": -10.0, \"high\": 10.0, \"log\": false}}"}
{"op_code":6,"worker_id":"23d7458d-abae-4a14-9e90-8f4ff38fb760-139992021446656","trial_id":63,"state":1,"values":[35.410938673584916],"datetime_complete":"2025-10-17T11:26:03.479596"}
{"op_code":4,"worker_id":"23d7458d-abae-4a14-9e90-8f4ff38fb760-139992021446656","study_id":0,"datetime_start":"2025-10-17T11:26:03.488653"}
{"op_code":5,"worker_id":"23d7458d-abae-4a14-9e90-8f4ff38fb760-139992021446656","trial_id":64,"param_name":"x","param_value_internal":9.842936624612587,"distribution":"{\"name\": \"FloatDistribution\", \"attributes\": {\"step\": null, \"low\": -10.0, \"high\": 10.0, \"log\": false}}"}
{"op_code":6,"worker_id":"23d7458d-abae-4a14-9e90-8f4ff38fb760-139992021446656","trial_id":64,"state":1,"values":[61.51165489768948],"datetime_complete":"2025-10-17T11:26:03.508429"}
{"op_code":4,"worker_id":"23d7458d-abae-4a14-9e90-8f4ff38fb760-139992021446656","study_id":0,"datetime_start":"2025-10-17T11:26:03.518779"}
{"op_code":5,"worker_id":"23d7458d-abae-4a14-9e90-8f4ff38fb760-139992021446656","trial_id":65,"param_name":"x","param_value_internal":-8.332469498055275,"distribution":"{\"name\": \"FloatDistribution\", \"attributes\": {\"step\": null, \"low\": -10.0, \"high\": 10.0, \"log\": false}}"}
{"op_code":6,"worker_id":"23d7458d-abae-4a14-9e90-8f4ff38fb760-139992021446656","trial_id":65,"state":1,"values":[106.75992592824262],"datetime_complete":"2025-10-17T11:26:03.536318"}
{"op_code":4,"worker_id":"23d7458d-abae-4a14-9e90-8f4ff38fb760-139992021446656","study_id":0,"datetime_start":"2025-10-17T11:26:03.546436"}
{"op_code":5,"worker_id":"23d7458d-abae-4a14-9e90-8f4ff38fb760-139992021446656","trial_id":66,"param_name":"x","param_value_internal":5.674427603641497,"distribution":"{\"name\": \"FloatDistribution\", \"attributes\": {\"step\": null, \"low\": -10.0, \"high\": 10.0, \"log\": false}}"}
{"op_code":6,"worker_id":"23d7458d-abae-4a14-9e90-8f4ff38fb760-139992021446656","trial_id":66,"state":1,"values":[13.501418214402596],"datetime_complete":"2025-10-17T11:26:03.565286"}
{"op_code":4,"worker_id":"23d7458d-abae-4a14-9e90-8f4ff38fb760-139992021446656","study_id":0,"datetime_start":"2025-10-17T11:26:03.578482"}
{"op_code":5,"worker_id":"23d7458d-abae-4a14-9e90-8f4ff38fb760-139992021446656","trial_id":67,"param_name":"x","param_value_internal":-8.45050099085568,"distribution":"{\"name\": \"FloatDistribution\", \"attributes\": {\"step\": null, \"low\": -10.0, \"high\": 10.0, \"log\": false}}"}
{"op_code":6,"worker_id":"23d7458d-abae-4a14-9e90-8f4ff38fb760-139992021446656","trial_id":67,"state":1,"values":[109.21297095987555],"datetime_complete":"2025-10-17T11:26:03.597701"}
{"op_code":4,"worker_id":"23d7458d-abae-4a14-9e90-8f4ff38fb760-139992021446656","study_id":0,"datetime_start":"2025-10-17T11:26:03.608416"}
{"op_code":5,"worker_id":"23d7458d-abae-4a14-9e90-8f4ff38fb760-139992021446656","trial_id":68,"param_name":"x","param_value_internal":1.3393813842796867,"distribution":"{\"name\": \"FloatDistribution\", \"attributes\": {\"step\": null, \"low\": -10.0, \"high\": 10.0, \"log\": false}}"}
{"op_code":6,"worker_id":"23d7458d-abae-4a14-9e90-8f4ff38fb760-139992021446656","trial_id":68,"state":1,"values":[0.436416955436223],"datetime_complete":"2025-10-17T11:26:03.627431"}
{"op_code":4,"worker_id":"23d7458d-abae-4a14-9e90-8f4ff38fb760-139992021446656","study_id":0,"datetime_start":"2025-10-17T11:26:03.638124"}
{"op_code":5,"worker_id":"23d7458d-abae-4a14-9e90-8f4ff38fb760-139992021446656","trial_id":69,"param_name":"x","param_value_internal":-3.2543902272653913,"distribution":"{\"name\": \"FloatDistribution\", \"attributes\": {\"step\": null, \"low\": -10.0, \"high\": 10.0, \"log\": false}}"}
{"op_code":6,"worker_id":"23d7458d-abae-4a14-9e90-8f4ff38fb760-139992021446656","trial_id":69,"state":1,"values":[27.60861666038205],"datetime_complete":"2025-10-17T11:26:03.658076"}
{"op_code":4,"worker_id":"23d7458d-abae-4a14-9e90-8f4ff38fb760-139992021446656","study_id":0,"datetime_start":"2025-10-17T11:26:03.667386"}
{"op_code":5,"worker_id":"23d7458d-abae-4a14-9e90-8f4ff38fb760-139992021446656","trial_id":70,"param_name":"x","param_value_internal":5.311636578762297,"distribution":"{\"name\": \"FloatDistribution\", \"attributes\": {\"step\": null, \"low\": -10.0, \"high\": 10.0, \"log\": false}}"}
{"op_code":6,"worker_id":"23d7458d-abae-4a14-9e90-8f4ff38fb760-139992021446656","trial_id":70,"state":1,"values":[10.96693682979645],"datetime_complete":"2025-10-17T11:26:03.685627"}
{"op_code":4,"worker_id":"23d7458d-abae-4a14-9e90-8f4ff38fb760-139992021446656","study_id":0,"datetime_start":"2025-10-17T11:26:03.695371"}
{"op_code":5,"worker_id":"23d7458d-abae-4a14-9e90-8f4ff38fb760-139992021446656","trial_id":71,"param_name":"x","param_value_internal":1.1133242407855803,"distribution":"{\"name\": \"FloatDistribution\", \"attributes\": {\"step\": null, \"low\": -10.0, \"high\": 10.0, \"log\": false}}"}
{"op_code":6,"worker_id":"23d7458d-abae-4a14-9e90-8f4ff38fb760-139992021446656","trial_id":71,"state":1,"values":[0.7861939019784675],"datetime_complete":"2025-10-17T11:26:03.716823"}
{"op_code":4,"worker_id":"23d7458d-abae-4a14-9e90-8f4ff38fb760-139992021446656","study_id":0,"datetime_start":"2025-10-17T11:26:03.726765"}
{"op_code":5,"worker_id":"23d7458d-abae-4a14-9e90-8f4ff38fb760-139992021446656","trial_id":72,"param_name":"x","param_value_internal":4.294734734039533,"distribution":"{\"name\": \"FloatDistribution\", \"attributes\": {\"step\": null, \"low\": -10.0, \"high\": 10.0, \"log\": false}}"}
{"op_code":6,"worker_id":"23d7458d-abae-4a14-9e90-8f4ff38fb760-139992021446656","trial_id":72,"state":1,"values":[5.2658074996074875],"datetime_complete":"2025-10-17T11:26:03.747592"}
{"op_code":4,"worker_id":"23d7458d-abae-4a14-9e90-8f4ff38fb760-139992021446656","study_id":0,"datetime_start":"2025-10-17T11:26:03.758026"}
{"op_code":5,"worker_id":"23d7458d-abae-4a14-9e90-8f4ff38fb760-139992021446656","trial_id":73,"param_name":"x","param_value_internal":-6.190664243240929,"distribution":"{\"name\": \"FloatDistribution\", \"attributes\": {\"step\": null, \"low\": -10.0, \"high\": 10.0, \"log\": false}}"}
{"op_code":6,"worker_id":"23d7458d-abae-4a14-9e90-8f4ff38fb760-139992021446656","trial_id":73,"state":1,"values":[67.08698074550549],"datetime_complete":"2025-10-17T11:26:03.778282"}
{"op_code":4,"worker_id":"23d7458d-abae-4a14-9e90-8f4ff38fb760-139992021446656","study_id":0,"datetime_start":"2025-10-17T11:26:03.788344"}
{"op_code":5,"worker_id":"23d7458d-abae-4a14-9e90-8f4ff38fb760-139992021446656","trial_id":74,"param_name":"x","param_value_internal":-9.19733194104609,"distribution":"{\"name\": \"FloatDistribution\", \"attributes\": {\"step\": null, \"low\": -10.0, \"high\": 10.0, \"log\": false}}"}
{"op_code":6,"worker_id":"23d7458d-abae-4a14-9e90-8f4ff38fb760-139992021446656","trial_id":74,"state":1,"values":[125.38024259797098],"datetime_complete":"2025-10-17T11:26:03.808267"}
{"op_code":4,"worker_id":"23d7458d-abae-4a14-9e90-8f4ff38fb760-139992021446656","study_id":0,"datetime_start":"2025-10-17T11:26:03.817691"}
{"op_code":5,"worker_id":"23d7458d-abae-4a14-9e90-8f4ff38fb760-139992021446656","trial_id":75,"param_name":"x","param_value_internal":2.750152007324985,"distribution":"{\"name\": \"FloatDistribution\", \"attributes\": {\"step\": null, \"low\": -10.0, \"high\": 10.0, \"log\": false}}"}
{"op_code":6,"worker_id":"23d7458d-abae-4a14-9e90-8f4ff38fb760-139992021446656","trial_id":75,"state":1,"values":[0.5627280340937043],"datetime_complete":"2025-10-17T11:26:03.837902"}
{"op_code":4,"worker_id":"23d7458d-abae-4a14-9e90-8f4ff38fb760-139992021446656","study_id":0,"datetime_start":"2025-10-17T11:26:03.849488"}
{"op_code":5,"worker_id":"23d7458d-abae-4a14-9e90-8f4ff38fb760-139992021446656","trial_id":76,"param_name":"x","param_value_internal":-0.5771541916026095,"distribution":"{\"name\": \"FloatDistribution\", \"attributes\": {\"step\": null, \"low\": -10.0, \"high\": 10.0, \"log\": false}}"}
{"op_code":6,"worker_id":"23d7458d-abae-4a14-9e90-8f4ff38fb760-139992021446656","trial_id":76,"state":1,"values":[6.6417237272949],"datetime_complete":"2025-10-17T11:26:03.868897"}
{"op_code":4,"worker_id":"23d7458d-abae-4a14-9e90-8f4ff38fb760-139992021446656","study_id":0,"datetime_start":"2025-10-17T11:26:03.879676"}
{"op_code":5,"worker_id":"23d7458d-abae-4a14-9e90-8f4ff38fb760-139992021446656","trial_id":77,"param_name":"x","param_value_internal":-4.954542973054005,"distribution":"{\"name\": \"FloatDistribution\", \"attributes\": {\"step\": null, \"low\": -10.0, \"high\": 10.0, \"log\": false}}"}
{"op_code":6,"worker_id":"23d7458d-abae-4a14-9e90-8f4ff38fb760-139992021446656","trial_id":77,"state":1,"values":[48.36566796405484],"datetime_complete":"2025-10-17T11:26:03.897552"}
{"op_code":4,"worker_id":"23d7458d-abae-4a14-9e90-8f4ff38fb760-139992021446656","study_id":0,"datetime_start":"2025-10-17T11:26:03.908783"}
{"op_code":5,"worker_id":"23d7458d-abae-4a14-9e90-8f4ff38fb760-139992021446656","trial_id":78,"param_name":"x","param_value_internal":2.2295928808565773,"distribution":"{\"name\": \"FloatDistribution\", \"attributes\": {\"step\": null, \"low\": -10.0, \"high\": 10.0, \"log\": false}}"}
{"op_code":6,"worker_id":"23d7458d-abae-4a14-9e90-8f4ff38fb760-139992021446656","trial_id":78,"state":1,"values":[0.052712890940022475],"datetime_complete":"2025-10-17T11:26:03.928262"}
{"op_code":4,"worker_id":"23d7458d-abae-4a14-9e90-8f4ff38fb760-139992021446656","study_id":0,"datetime_start":"2025-10-17T11:26:03.937283"}
{"op_code":5,"worker_id":"23d7458d-abae-4a14-9e90-8f4ff38fb760-139992021446656","trial_id":79,"param_name":"x","param_value_internal":9.741699272054621,"distribution":"{\"name\": \"FloatDistribution\", \"attributes\": {\"step\": null, \"low\": -10.0, \"high\": 10.0, \"log\": false}}"}
{"op_code":6,"worker_id":"23d7458d-abae-4a14-9e90-8f4ff38fb760-139992021446656","trial_id":79,"state":1,"values":[59.93390761893105],"datetime_complete":"2025-10-17T11:26:03.958978"}
{"op_code":4,"worker_id":"23d7458d-abae-4a14-9e90-8f4ff38fb760-139992021446656","study_id":0,"datetime_start":"2025-10-17T11:26:03.967638"}
{"op_code":5,"worker_id":"23d7458d-abae-4a14-9e90-8f4ff38fb760-139992021446656","trial_id":80,"param_name":"x","param_value_internal":0.5800388373278746,"distribution":"{\"name\": \"FloatDistribution\", \"attributes\": {\"step\": null, \"low\": -10.0, \"high\": 10.0, \"log\": false}}"}
{"op_code":6,"worker_id":"23d7458d-abae-4a14-9e90-8f4ff38fb760-139992021446656","trial_id":80,"state":1,"values":[2.016289703497174],"datetime_complete":"2025-10-17T11:26:03.990787"}
{"op_code":4,"worker_id":"23d7458d-abae-4a14-9e90-8f4ff38fb760-139992021446656","study_id":0,"datetime_start":"2025-10-17T11:26:04.000492"}
{"op_code":5,"worker_id":"23d7458d-abae-4a14-9e90-8f4ff38fb760-139992021446656","trial_id":81,"param_name":"x","param_value_internal":3.7741670949386457,"distribution":"{\"name\": \"FloatDistribution\", \"attributes\": {\"step\": null, \"low\": -10.0, \"high\": 10.0, \"log\": false}}"}
{"op_code":6,"worker_id":"23d7458d-abae-4a14-9e90-8f4ff38fb760-139992021446656","trial_id":81,"state":1,"values":[3.1476688807630335],"datetime_complete":"2025-10-17T11:26:04.021687"}
{"op_code":4,"worker_id":"23d7458d-abae-4a14-9e90-8f4ff38fb760-139992021446656","study_id":0,"datetime_start":"2025-10-17T11:26:04.033354"}
{"op_code":5,"worker_id":"23d7458d-abae-4a14-9e90-8f4ff38fb760-139992021446656","trial_id":82,"param_name":"x","param_value_internal":-2.5367707857732107,"distribution":"{\"name\": \"FloatDistribution\", \"attributes\": {\"step\": null, \"low\": -10.0, \"high\": 10.0, \"log\": false}}"}
{"op_code":6,"worker_id":"23d7458d-abae-4a14-9e90-8f4ff38fb760-139992021446656","trial_id":82,"state":1,"values":[20.582289162645274],"datetime_complete":"2025-10-17T11:26:04.051738"}
{"op_code":4,"worker_id":"23d7458d-abae-4a14-9e90-8f4ff38fb760-139992021446656","study_id":0,"datetime_start":"2025-10-17T11:26:04.061605"}
{"op_code":5,"worker_id":"23d7458d-abae-4a14-9e90-8f4ff38fb760-139992021446656","trial_id":83,"param_name":"x","param_value_internal":-3.397621702382141,"distribution":"{\"name\": \"FloatDistribution\", \"attributes\": {\"step\": null, \"low\": -10.0, \"high\": 10.0, \"log\": false}}"}
{"op_code":6,"worker_id":"23d7458d-abae-4a14-9e90-8f4ff38fb760-139992021446656","trial_id":83,"state":1,"values":[29.13432004202668],"datetime_complete":"2025-10-17T11:26:04.084871"}
{"op_code":4,"worker_id":"23d7458d-abae-4a14-9e90-8f4ff38fb760-139992021446656","study_id":0,"datetime_start":"2025-10-17T11:26:04.095235"}
{"op_code":5,"worker_id":"23d7458d-abae-4a14-9e90-8f4ff38fb760-139992021446656","trial_id":84,"param_name":"x","param_value_internal":6.890160918071654,"distribution":"{\"name\": \"FloatDistribution\", \"attributes\": {\"step\": null, \"low\": -10.0, \"high\": 10.0, \"log\": false}}"}
{"op_code":6,"worker_id":"23d7458d-abae-4a14-9e90-8f4ff38fb760-139992021446656","trial_id":84,"state":1,"values":[23.9136738046354],"datetime_complete":"2025-10-17T11:26:04.116950"}