{"op_code":0,"worker_id":"23d7458d-abae-4a14-9e90-8f4ff38fb760-139992021446656","study_name":"no-name-8236f4db-0da3-44ca-b68b-1ab0d7913097","directions":[1]}
{"op_code":4,"worker_id":"23d7458d-abae-4a14-9e90-8f4ff38fb760-139992021446656","study_id":0,"datetime_start":"2025-10-17T11:26:01.421532"}
{"op_code":5,"worker_id":"23d7458d-abae-4a14-9e90-8f4ff38fb760-139992021446656","trial_id":0,"param_name":"x","param_value_internal":-5.50878590272919,"distribution":"{\"name\": \"FloatDistribution\", \"attributes\": {\"step\": null, \"low\": -10.0, \"high\": 10.0, \"log\": false}}"}
{"op_code":6,"worker_id":"23d7458d-abae-4a14-9e90-8f4ff38fb760-139992021446656","trial_id":0,"state":1,"values":[56.38186573302461],"datetime_complete":"2025-10-17T11:26:01.511936"}
{"op_code":4,"worker_id":"23d7458d-abae-4a14-9e90-8f4ff38fb760-139992021446656","study_id":0,"datetime_start":"2025-10-17T11:26:01.525384"}
{"op_code":5,"worker_id":"23d7458d-abae-4a14-9e90-8f4ff38fb760-139992021446656","trial_id":1,"param_name":"x","param_value_internal":0.9989998891728842,"distribution":"{\"name\": \"FloatDistribution\", \"attributes\": {\"step\": null, \"low\": -10.0, \"high\": 10.0, \"log\": false}}"}
{"op_code":6,"worker_id":"23d7458d-abae-4a14-9e90-8f4ff38fb760-139992021446656","trial_id":1,"state":1,"values":[1.0020012218758982],"datetime_complete":"2025-10-17T11:26:01.545905"}
{"op_code":4,"worker_id":"23d7458d-abae-4a14-9e90-8f4ff38fb760-139992021446656","study_id":0,"datetime_start":"2025-10-17T11:26:01.557214"}
{"op_code":5,"worker_id":"23d7458d-abae-4a14-9e90-8f4ff38fb760-139992021446656","trial_id":2,"param_name":"x","param_value_internal":-8.88972533093506,"distribution":"{\"name\": \"FloatDistribution\", \"attributes\": {\"step\": null, \"low\": -10.0, \"high\": 10.0, \"log\": false}}"}
{"op_code":6,"worker_id":"23d7458d-abae-4a14-9e90-8f4ff38fb760-139992021446656","trial_id":2,"state":1,"values":[118.58611778320869],"datetime_complete":"2025-10-17T11:26:01.579800"}
{"op_code":4,"worker_id":"23d7458d-abae-4a14-9e90-8f4ff38fb760-139992021446656","study_id":0,"datetime_start":"2025-10-17T11:26:01.590447"}
{"op_code":5,"worker_id":"23d7458d-abae-4a14-9e90-8f4ff38fb760-139992021446656","trial_id":3,"param_name":"x","param_value_internal":-9.983545606786684,"distribution":"{\"name\": \"FloatDistribution\", \"attributes\": {\"step\": null, \"low\": -10.0, \"high\": 10.0, \"log\": false}}"}
{"op_code":6,"worker_id":"23d7458d-abae-4a14-9e90-8f4ff38fb760-139992021446656","trial_id":3,"state":1,"values":[143.60536530993645],"datetime_complete":"2025-10-17T11:26:01.615849"}
{"op_code":4,"worker_id":"23d7458d-abae-4a14-9e90-8f4ff38fb760-139992021446656","study_id":0,"datetime_start":"2025-10-17T11:26:01.628316"}
{"op_code":5,"worker_id":"23d7458d-abae-4a14-9e90-8f4ff38fb760-139992021446656","trial_id":4,"param_name":"x","param_value_internal":-1.7089778498616006,"distribution":"{\"name\": \"FloatDistribution\", \"attributes\": {\"step\": null, \"low\": -10.0, \"high\": 10.0, \"log\": false}}"}
{"op_code":6,"worker_id":"23d7458d-abae-4a14-9e90-8f4ff38fb760-139992021446656","trial_id":4,"state":1,"values":[13.756516690763982],"datetime_complete":"2025-10-17T11:26:01.655130"}
{"op_code":4,"worker_id":"23d7458d-abae-4a14-9e90-8f4ff38fb760-139992021446656","study_id":0,"datetime_start":"2025-10-17T11:26:01.664718"}
{"op_code":5,"worker_id":"23d7458d-abae-4a14-9e90-8f4ff38fb760-139992021446656","trial_id":5,"param_name":"x","param_value_internal":-9.513430660209362,"distribution":"{\"name\": \"FloatDistribution\", \"attributes\": {\"step\": null, \"low\": -10.0, \"high\": 10.0, \"log\": false}}"}
{"op_code":6,"worker_id":"23d7458d-abae-4a14-9e90-8f4ff38fb760-139992021446656","trial_id":5,"state":1,"values":[132.559085567449],"datetime_complete":"2025-10-17T11:26:01.687232"}
{"op_code":4,"worker_id":"23d7458d-abae-4a14-9e90-8f4ff38fb760-139992021446656","study_id":0,"datetime_start":"2025-10-17T11:26:01.696576"}
{"op_code":5,"worker_id":"23d7458d-abae-4a14-9e90-8f4ff38fb760-139992021446656","trial_id":6,"param_name":"x","param_value_internal":2.357658648343639,"distribution":"{\"name\": \"FloatDistribution\", \"attributes\": {\"step\": null, \"low\": -10.0, \"high\": 10.0, \"log\": false}}"}
{"op_code":6,"worker_id":"23d7458d-abae-4a14-9e90-8f4ff38fb760-139992021446656","trial_id":6,"state":1,"values":[0.12791970873499883],"datetime_complete":"2025-10-17T11:26:01.718349"}
{"op_code":4,"worker_id":"23d7458d-abae-4a14-9e90-8f4ff38fb760-139992021446656","study_id":0,"datetime_start":"2025-10-17T11:26:01.728651"}
{"op_code":5,"worker_id":"23d7458d-abae-4a14-9e90-8f4ff38fb760-139992021446656","trial_id":7,"param_name":"x","param_value_internal":0.6509792461107917,"distribution":"{\"name\": \"FloatDistribution\", \"attributes\": {\"step\": null, \"low\": -10.0, \"high\": 10.0, \"log\": false}}"}
{"op_code":6,"worker_id":"23d7458d-abae-4a14-9e90-8f4ff38fb760-139992021446656","trial_id":7,"state":1,"values":[1.8198569944238079],"datetime_complete":"2025-10-17T11:26:01.752793"}
{"op_code":4,"worker_id":"23d7458d-abae-4a14-9e90-8f4ff38fb760-139992021446656","study_id":0,"datetime_start":"2025-10-17T11:26:01.763351"}
{"op_code":5,"worker_id":"23d7458d-abae-4a14-9e90-8f4ff38fb760-139992021446656","trial_id":8,"param_name":"x","param_value_internal":-5.585305658763335,"distribution":"{\"name\": \"FloatDistribution\", \"attributes\": {\"step\": null, \"low\": -10.0, \"high\": 10.0, \"log\": false}}"}
{"op_code":6,"worker_id":"23d7458d-abae-4a14-9e90-8f4ff38fb760-139992021446656","trial_id":8,"state":1,"values":[57.536861936867076],"datetime_complete":"2025-10-17T11:26:01.785576"}
{"op_code":4,"worker_id":"23d7458d-abae-4a14-9e90-8f4ff38fb760-139992021446656","study_id":0,"datetime_start":"2025-10-17T11:26:01.795903"}
{"op_code":5,"worker_id":"23d7458d-abae-4a14-9e90-8f4ff38fb760-139992021446656","trial_id":9,"param_name":"x","param_value_internal":9.861355897659884,"distribution":"{\"name\": \"FloatDistribution\", \"attributes\": {\"step\": null, \"low\": -10.0, \"high\": 10.0, \"log\": false}}"}
{"op_code":6,"worker_id":"23d7458d-abae-4a14-9e90-8f4ff38fb760-139992021446656","trial_id":9,"state":1,"values":[61.80091654967184],"datetime_complete":"2025-10-17T11:26:01.817037"}
{"op_code":4,"worker_id":"23d7458d-abae-4a14-9e90-8f4ff38fb760-139992021446656","study_id":0,"datetime_start":"2025-10-17T11:26:01.827637"}