{"op_code":0,"worker_id":"23d7458d-abae-4a14-9e90-8f4ff38fb760-139992021446656","study_name":"no-name-8236f4db-0da3-44ca-b68b-1ab0d7913097","directions":[1]}
{"op_code":4,"worker_id":"23d7458d-abae-4a14-9e90-8f4ff38fb760-139992021446656","study_id":0,"datetime_start":"2025-10-17T11:26:01.421532"}
{"op_code":5,"worker_id":"23d7458d-abae-4a14-9e90-8f4ff38fb760-139992021446656","trial_id":0,"param_name":"x","param_value_internal":-5.50878590272919,"distribution":"{\"name\": \"FloatDistribution\", \"attributes\": {\"step\": null, \"low\": -10.0, \"high\": 10.0, \"log\": false}}"}
{"op_code":6,"worker_id":"23d7458d-abae-4a14-9e90-8f4ff38fb760-139992021446656","trial_id":0,"state":1,"values":[56.38186573302461],"datetime_complete":"2025-10-17T11:26:01.511936"}
{"op_code":4,"worker_id":"23d7458d-abae-4a14-9e90-8f4ff38fb760-139992021446656","study_id":0,"datetime_start":"2025-10-17T11:26:01.525384"}
{"op_code":5,"worker_id":"23d7458d-abae-4a14-9e90-8f4ff38fb760-139992021446656","trial_id":1,"param_name":"x","param_value_internal":0.9989998891728842,"distribution":"{\"name\": \"FloatDistribution\", \"attributes\": {\"step\": null, \"low\": -10.0, \"high\": 10.0, \"log\": false}}"}
{"op_code":6,"worker_id":"23d7458d-abae-4a14-9e90-8f4ff38fb760-139992021446656","trial_id":1,"state":1,"values":[1.0020012218758982],"datetime_complete":"2025-10-17T11:26:01.545905"}
{"op_code":4,"worker_id":"23d7458d-abae-4a14-9e90-8f4ff38fb760-139992021446656","study_id":0,"datetime_start":"2025-10-17T11:26:01.557214"}
{"op_code":5,"worker_id":"23d7458d-abae-4a14-9e90-8f4ff38fb760-139992021446656","trial_id":2,"param_name":"x","param_value_internal":-8.88972533093506,"distribution":"{\"name\": \"FloatDistribution\", \"attributes\": {\"step\": null, \"low\": -10.0, \"high\": 10.0, \"log\": false}}"}
{"op_code":6,"worker_id":"23d7458d-abae-4a14-9e90-8f4ff38fb760-139992021446656","trial_id":2,"state":1,"values":[118.58611778320869],"datetime_complete":"2025-10-17T11:26:01.579800"}
{"op_code":4,"worker_id":"23d7458d-abae-4a14-9e90-8f4ff38fb760-139992021446656","study_id":0,"datetime_start":"2025-10-17T11:26:01.590447"}
{"op_code":5,"worker_id":"23d7458d-abae-4a14-9e90-8f4ff38fb760-139992021446656","trial_id":3,"param_name":"x","param_value_internal":-9.983545606786684,"distribution":"{\"name\": \"FloatDistribution\", \"attributes\": {\"step\": null, \"low\": -10.0, \"high\": 10.0, \"log\": false}}"}
{"op_code":6,"worker_id":"23d7458d-abae-4a14-9e90-8f4ff38fb760-139992021446656","trial_id":3,"state":1,"values":[143.60536530993645],"datetime_complete":"2025-10-17T11:26:01.615849"}
{"op_code":4,"worker_id":"23d7458d-abae-4a14-9e90-8f4ff38fb760-139992021446656","study_id":0,"datetime_start":"2025-10-17T11:26:01.628316"}
{"op_code":5,"worker_id":"23d7458d-abae-4a14-9e90-8f4ff38fb760-139992021446656","trial_id":4,"param_name":"x","param_value_internal":-1.7089778498616006,"distribution":"{\"name\": \"FloatDistribution\", \"attributes\": {\"step\": null, \"low\": -10.0, \"high\": 10.0, \"log\": false}}"}
{"op_code":6,"worker_id":"23d7458d-abae-4a14-9e90-8f4ff38fb760-139992021446656","trial_id":4,"state":1,"values":[13.756516690763982],"datetime_complete":"2025-10-17T11:26:01.655130"}
{"op_code":4,"worker_id":"23d7458d-abae-4a14-9e90-8f4ff38fb760-139992021446656","study_id":0,"datetime_start":"2025-10-17T11:26:01.664718"}
{"op_code":5,"worker_id":"23d7458d-abae-4a14-9e90-8f4ff38fb760-139992021446656","trial_id":5,"param_name":"x","param_value_internal":-9.513430660209362,"distribution":"{\"name\": \"FloatDistribution\", \"attributes\": {\"step\": null, \"low\": -10.0, \"high\": 10.0, \"log\": false}}"}
{"op_code":6,"worker_id":"23d7458d-abae-4a14-9e90-8f4ff38fb760-139992021446656","trial_id":5,"state":1,"values":[132.559085567449],"datetime_complete":"2025-10-17T11:26:01.687232"}
{"op_code":4,"worker_id":"23d7458d-abae-4a14-9e90-8f4ff38fb760-139992021446656","study_id":0,"datetime_start":"2025-10-17T11:26:01.696576"}
{"op_code":5,"worker_id":"23d7458d-abae-4a14-9e90-8f4ff38fb760-139992021446656","trial_id":6,"param_name":"x","param_value_internal":2.357658648343639,"distribution":"{\"name\": \"FloatDistribution\", \"attributes\": {\"step\": null, \"low\": -10.0, \"high\": 10.0, \"log\": false}}"}
{"op_code":6,"worker_id":"23d7458d-abae-4a14-9e90-8f4ff38fb760-139992021446656","trial_id":6,"state":1,"values":[0.12791970873499883],"datetime_complete":"2025-10-17T11:26:01.718349"}
{"op_code":4,"worker_id":"23d7458d-abae-4a14-9e90-8f4ff38fb760-139992021446656","study_id":0,"datetime_start":"2025-10-17T11:26:01.728651"}
{"op_code":5,"worker_id":"23d7458d-abae-4a14-9e90-8f4ff38fb760-139992021446656","trial_id":7,"param_name":"x","param_value_internal":0.6509792461107917,"distribution":"{\"name\": \"FloatDistribution\", \"attributes\": {\"step\": null, \"low\": -10.0, \"high\": 10.0, \"log\": false}}"}
{"op_code":6,"worker_id":"23d7458d-abae-4a14-9e90-8f4ff38fb760-139992021446656","trial_id":7,"state":1,"values":[1.8198569944238079],"datetime_complete":"2025-10-17T11:26:01.752793"}
{"op_code":4,"worker_id":"23d7458d-abae-4a14-9e90-8f4ff38fb760-139992021446656","study_id":0,"datetime_start":"2025-10-17T11:26:01.763351"}
{"op_code":5,"worker_id":"23d7458d-abae-4a14-9e90-8f4ff38fb760-139992021446656","trial_id":8,"param_name":"x","param_value_internal":-5.585305658763335,"distribution":"{\"name\": \"FloatDistribution\", \"attributes\": {\"step\": null, \"low\": -10.0, \"high\": 10.0, \"log\": false}}"}
{"op_code":6,"worker_id":"23d7458d-abae-4a14-9e90-8f4ff38fb760-139992021446656","trial_id":8,"state":1,"values":[57.536861936867076],"datetime_complete":"2025-10-17T11:26:01.785576"}
{"op_code":4,"worker_id":"23d7458d-abae-4a14-9e90-8f4ff38fb760-139992021446656","study_id":0,"datetime_start":"2025-10-17T11:26:01.795903"}
{"op_code":5,"worker_id":"23d7458d-abae-4a14-9e90-8f4ff38fb760-139992021446656","trial_id":9,"param_name":"x","param_value_internal":9.861355897659884,"distribution":"{\"name\": \"FloatDistribution\", \"attributes\": {\"step\": null, \"low\": -10.0, \"high\": 10.0, \"log\": false}}"}
{"op_code":6,"worker_id":"23d7458d-abae-4a14-9e90-8f4ff38fb760-139992021446656","trial_id":9,"state":1,"values":[61.80091654967184],"datetime_complete":"2025-10-17T11:26:01.817037"}
{"op_code":4,"worker_id":"23d7458d-abae-4a14-9e90-8f4ff38fb760-139992021446656","study_id":0,"datetime_start":"2025-10-17T11:26:01.827637"}
{"op_code":5,"worker_id":"23d7458d-abae-4a14-9e90-8f4ff38fb760-139992021446656","trial_id":10,"param_name":"x","param_value_internal":-4.984220807172576,"distribution":"{\"name\": \"FloatDistribution\", \"attributes\": {\"step\": null, \"low\": -10.0, \"high\": 10.0, \"log\": false}}"}
{"op_code":6,"worker_id":"23d7458d-abae-4a14-9e90-8f4ff38fb760-139992021446656","trial_id":10,"state":1,"values":[48.77934028334236],"datetime_complete":"2025-10-17T11:26:01.848253"}
{"op_code":4,"worker_id":"23d7458d-abae-4a14-9e90-8f4ff38fb760-139992021446656","study_id":0,"datetime_start":"2025-10-17T11:26:01.858714"}
{"op_code":5,"worker_id":"23d7458d-abae-4a14-9e90-8f4ff38fb760-139992021446656","trial_id":11,"param_name":"x","param_value_internal":-0.6820709799724849,"distribution":"{\"name\": \"FloatDistribution\", \"attributes\": {\"step\": null, \"low\": -10.0, \"high\": 10.0, \"log\": false}}"}
{"op_code":6,"worker_id":"23d7458d-abae-4a14-9e90-8f4ff38fb760-139992021446656","trial_id":11,"state":1,"values":[7.193504741610566],"datetime_complete":"2025-10-17T11:26:01.882388"}
{"op_code":4,"worker_id":"23d7458d-abae-4a14-9e90-8f4ff38fb760-139992021446656","study_id":0,"datetime_start":"2025-10-17T11:26:01.893077"}
{"op_code":5,"worker_id":"23d7458d-abae-4a14-9e90-8f4ff38fb760-139992021446656","trial_id":12,"param_name":"x","param_value_internal":-8.599389115540085,"distribution":"{\"name\": \"FloatDistribution\", \"attributes\": {\"step\": null, \"low\": -10.0, \"high\": 10.0, \"log\": false}}"}
{"op_code":6,"worker_id":"23d7458d-abae-4a14-9e90-8f4ff38fb760-139992021446656","trial_id":12,"state":1,"values":[112.34704962262961],"datetime_complete":"2025-10-17T11:26:01.919095"}
{"op_code":4,"worker_id":"23d7458d-abae-4a14-9e90-8f4ff38fb760-139992021446656","study_id":0,"datetime_start":"2025-10-17T11:26:01.933538"}
{"op_code":5,"worker_id":"23d7458d-abae-4a14-9e90-8f4ff38fb760-139992021446656","trial_id":13,"param_name":"x","param_value_internal":-5.265995559217302,"distribution":"{\"name\": \"FloatDistribution\", \"attributes\": {\"step\": null, \"low\": -10.0, \"high\": 10.0, \"log\": false}}"}
{"op_code":6,"worker_id":"23d7458d-abae-4a14-9e90-8f4ff38fb760-139992021446656","trial_id":13,"state":1,"values":[52.79469146656555],"datetime_complete":"2025-10-17T11:26:01.955659"}
{"op_code":4,"worker_id":"23d7458d-abae-4a14-9e90-8f4ff38fb760-139992021446656","study_id":0,"datetime_start":"2025-10-17T11:26:01.967137"}
{"op_code":5,"worker_id":"23d7458d-abae-4a14-9e90-8f4ff38fb760-139992021446656","trial_id":14,"param_name":"x","param_value_internal":0.6358909803399939,"distribution":"{\"name\": \"FloatDistribution\", \"attributes\": {\"step\": null, \"low\": -10.0, \"high\": 10.0, \"log\": false}}"}
{"op_code":6,"worker_id":"23d7458d-abae-4a14-9e90-8f4ff38fb760-139992021446656","trial_id":14,"state":1,"values":[1.860793417517783],"datetime_complete":"2025-10-17T11:26:01.987244"}
{"op_code":4,"worker_id":"23d7458d-abae-4a14-9e90-8f4ff38fb760-139992021446656","study_id":0,"datetime_start":"2025-10-17T11:26:01.998095"}
{"op_code":5,"worker_id":"23d7458d-abae-4a14-9e90-8f4ff38fb760-139992021446656","trial_id":15,"param_name":"x","param_value_internal":2.7511726264334175,"distribution":"{\"name\": \"FloatDistribution\", \"attributes\": {\"step\": null, \"low\": -10.0, \"high\": 10.0, \"log\": false}}"}
{"op_code":6,"worker_id":"23d7458d-abae-4a14-9e90-8f4ff38fb760-139992021446656","trial_id":15,"state":1,"values":[0.5642603147028786],"datetime_complete":"2025-10-17T11:26:02.017466"}
{"op_code":4,"worker_id":"23d7458d-abae-4a14-9e90-8f4ff38fb760-139992021446656","study_id":0,"datetime_start":"2025-10-17T11:26:02.029362"}
{"op_code":5,"worker_id":"23d7458d-abae-4a14-9e90-8f4ff38fb760-139992021446656","trial_id":16,"param_name":"x","param_value_internal":-3.8825956503406562,"distribution":"{\"name\": \"FloatDistribution\", \"attributes\": {\"step\": null, \"low\": -10.0, \"high\": 10.0, \"log\": false}}"}
{"op_code":6,"worker_id":"23d7458d-abae-4a14-9e90-8f4ff38fb760-139992021446656","trial_id":16,"state":1,"values":[34.60493158540681],"datetime_complete":"2025-10-17T11:26:02.051920"}
{"op_code":4,"worker_id":"23d7458d-abae-4a14-9e90-8f4ff38fb760-139992021446656","study_id":0,"datetime_start":"2025-10-17T11:26:02.065914"}
{"op_code":5,"worker_id":"23d7458d-abae-4a14-9e90-8f4ff38fb760-139992021446656","trial_id":17,"param_name":"x","param_value_internal":-1.6313063754225272,"distribution":"{\"name\": \"FloatDistribution\", \"attributes\": {\"step\": null, \"low\": -10.0, \"high\": 10.0, \"log\": false}}"}
{"op_code":6,"worker_id":"23d7458d-abae-4a14-9e90-8f4ff38fb760-139992021446656","trial_id":17,"state":1,"values":[13.186385992184292],"datetime_complete":"2025-10-17T11:26:02.086808"}
{"op_code":4,"worker_id":"23d7458d-abae-4a14-9e90-8f4ff38fb760-139992021446656","study_id":0,"datetime_start":"2025-10-17T11:26:02.096831"}
{"op_code":5,"worker_id":"23d7458d-abae-4a14-9e90-8f4ff38fb760-139992021446656","trial_id":18,"param_name":"x","param_value_internal":7.857197321138926,"distribution":"{\"name\": \"FloatDistribution\", \"attributes\": {\"step\": null, \"low\": -10.0, \"high\": 10.0, \"log\": false}}"}
{"op_code":6,"worker_id":"23d7458d-abae-4a14-9e90-8f4ff38fb760-139992021446656","trial_id":18,"state":1,"values":[34.30676045875701],"datetime_complete":"2025-10-17T11:26:02.116835"}
{"op_code":4,"worker_id":"23d7458d-abae-4a14-9e90-8f4ff38fb760-139992021446656","study_id":0,"datetime_start":"2025-10-17T11:26:02.133773"}
{"op_code":5,"worker_id":"23d7458d-abae-4a14-9e90-8f4ff38fb760-139992021446656","trial_id":19,"param_name":"x","param_value_internal":-2.552474516269447,"distribution":"{\"name\": \"FloatDistribution\", \"attributes\": {\"step\": null, \"low\": -10.0, \"high\": 10.0, \"log\": false}}"}
{"op_code":6,"worker_id":"23d7458d-abae-4a14-9e90-8f4ff38fb760-139992021446656","trial_id":19,"state":1,"values":[20.725024221282734],"datetime_complete":"2025-10-17T11:26:02.158020"}
{"op_code":4,"worker_id":"23d7458d-abae-4a14-9e90-8f4ff38fb760-139992021446656","study_id":0,"datetime_start":"2025-10-17T11:26:02.167738"}
{"op_code":5,"worker_id":"23d7458d-abae-4a14-9e90-8f4ff38fb760-139992021446656","trial_id":20,"param_name":"x","param_value_internal":-1.133305884069724,"distribution":"{\"name\": \"FloatDistribution\", \"attributes\": {\"step\": null, \"low\": -10.0, \"high\": 10.0, \"log\": false}}"}
{"op_code":6,"worker_id":"23d7458d-abae-4a14-9e90-8f4ff38fb760-139992021446656","trial_id":20,"state":1,"values":[9.817605763145956],"datetime_complete":"2025-10-17T11:26:02.192011"}