{"op_code":0,"worker_id":"86834372-4b81-442b-a76b-a6a350cee5ac-139664748199936","study_name":"example1","directions":[1]}
{"op_code":4,"worker_id":"86834372-4b81-442b-a76b-a6a350cee5ac-139664748199936","study_id":0,"datetime_start":"2025-02-25T08:24:40.129257"}
{"op_code":5,"worker_id":"86834372-4b81-442b-a76b-a6a350cee5ac-139664748199936","trial_id":0,"param_name":"x","param_value_internal":-3.638340862740524,"distribution":"{\"name\": \"FloatDistribution\", \"attributes\": {\"step\": null, \"low\": -10.0, \"high\": 10.0, \"log\": false}}"}
{"op_code":5,"worker_id":"86834372-4b81-442b-a76b-a6a350cee5ac-139664748199936","trial_id":0,"param_name":"y","param_value_internal":-9.689046101102683,"distribution":"{\"name\": \"FloatDistribution\", \"attributes\": {\"step\": null, \"low\": -10.0, \"high\": 10.0, \"log\": false}}"}
{"op_code":6,"worker_id":"86834372-4b81-442b-a76b-a6a350cee5ac-139664748199936","trial_id":0,"state":1,"values":[107.11513858278056],"datetime_complete":"2025-02-25T08:24:40.179341"}
{"op_code":4,"worker_id":"86834372-4b81-442b-a76b-a6a350cee5ac-139664748199936","study_id":0,"datetime_start":"2025-02-25T08:24:40.196519"}
{"op_code":5,"worker_id":"86834372-4b81-442b-a76b-a6a350cee5ac-139664748199936","trial_id":1,"param_name":"x","param_value_internal":0.6319890117614833,"distribution":"{\"name\": \"FloatDistribution\", \"attributes\": {\"step\": null, \"low\": -10.0, \"high\": 10.0, \"log\": false}}"}
{"op_code":5,"worker_id":"86834372-4b81-442b-a76b-a6a350cee5ac-139664748199936","trial_id":1,"param_name":"y","param_value_internal":1.7994902300728537,"distribution":"{\"name\": \"FloatDistribution\", \"attributes\": {\"step\": null, \"low\": -10.0, \"high\": 10.0, \"log\": false}}"}
{"op_code":6,"worker_id":"86834372-4b81-442b-a76b-a6a350cee5ac-139664748199936","trial_id":1,"state":1,"values":[3.637575199114908],"datetime_complete":"2025-02-25T08:24:40.225025"}
{"op_code":4,"worker_id":"86834372-4b81-442b-a76b-a6a350cee5ac-139664748199936","study_id":0,"datetime_start":"2025-02-25T08:24:40.237996"}
{"op_code":5,"worker_id":"86834372-4b81-442b-a76b-a6a350cee5ac-139664748199936","trial_id":2,"param_name":"x","param_value_internal":-9.959361524562663,"distribution":"{\"name\": \"FloatDistribution\", \"attributes\": {\"step\": null, \"low\": -10.0, \"high\": 10.0, \"log\": false}}"}
{"op_code":5,"worker_id":"86834372-4b81-442b-a76b-a6a350cee5ac-139664748199936","trial_id":2,"param_name":"y","param_value_internal":3.6619334310023106,"distribution":"{\"name\": \"FloatDistribution\", \"attributes\": {\"step\": null, \"low\": -10.0, \"high\": 10.0, \"log\": false}}"}
{"op_code":6,"worker_id":"86834372-4b81-442b-a76b-a6a350cee5ac-139664748199936","trial_id":2,"state":1,"values":[112.59863843003149],"datetime_complete":"2025-02-25T08:24:40.273475"}
{"op_code":4,"worker_id":"86834372-4b81-442b-a76b-a6a350cee5ac-139664748199936","study_id":0,"datetime_start":"2025-02-25T08:24:40.283528"}
{"op_code":5,"worker_id":"86834372-4b81-442b-a76b-a6a350cee5ac-139664748199936","trial_id":3,"param_name":"x","param_value_internal":7.536405314908045,"distribution":"{\"name\": \"FloatDistribution\", \"attributes\": {\"step\": null, \"low\": -10.0, \"high\": 10.0, \"log\": false}}"}
{"op_code":5,"worker_id":"86834372-4b81-442b-a76b-a6a350cee5ac-139664748199936","trial_id":3,"param_name":"y","param_value_internal":-6.283603019623776,"distribution":"{\"name\": \"FloatDistribution\", \"attributes\": {\"step\": null, \"low\": -10.0, \"high\": 10.0, \"log\": false}}"}
{"op_code":6,"worker_id":"86834372-4b81-442b-a76b-a6a350cee5ac-139664748199936","trial_id":3,"state":1,"values":[96.28107197879926],"datetime_complete":"2025-02-25T08:24:40.311061"}
{"op_code":4,"worker_id":"86834372-4b81-442b-a76b-a6a350cee5ac-139664748199936","study_id":0,"datetime_start":"2025-02-25T08:24:40.320019"}
{"op_code":5,"worker_id":"86834372-4b81-442b-a76b-a6a350cee5ac-139664748199936","trial_id":4,"param_name":"x","param_value_internal":-8.93285360422798,"distribution":"{\"name\": \"FloatDistribution\", \"attributes\": {\"step\": null, \"low\": -10.0, \"high\": 10.0, \"log\": false}}"}
{"op_code":5,"worker_id":"86834372-4b81-442b-a76b-a6a350cee5ac-139664748199936","trial_id":4,"param_name":"y","param_value_internal":8.967914725984276,"distribution":"{\"name\": \"FloatDistribution\", \"attributes\": {\"step\": null, \"low\": -10.0, \"high\": 10.0, \"log\": false}}"}
{"op_code":6,"worker_id":"86834372-4b81-442b-a76b-a6a350cee5ac-139664748199936","trial_id":4,"state":1,"values":[160.2193680470944],"datetime_complete":"2025-02-25T08:24:40.347429"}
{"op_code":4,"worker_id":"86834372-4b81-442b-a76b-a6a350cee5ac-139664748199936","study_id":0,"datetime_start":"2025-02-25T08:24:40.357392"}
{"op_code":5,"worker_id":"86834372-4b81-442b-a76b-a6a350cee5ac-139664748199936","trial_id":5,"param_name":"x","param_value_internal":-2.14077651691375,"distribution":"{\"name\": \"FloatDistribution\", \"attributes\": {\"step\": null, \"low\": -10.0, \"high\": 10.0, \"log\": false}}"}
{"op_code":5,"worker_id":"86834372-4b81-442b-a76b-a6a350cee5ac-139664748199936","trial_id":5,"param_name":"y","param_value_internal":9.576042827844073,"distribution":"{\"name\": \"FloatDistribution\", \"attributes\": {\"step\": null, \"low\": -10.0, \"high\": 10.0, \"log\": false}}"}
{"op_code":6,"worker_id":"86834372-4b81-442b-a76b-a6a350cee5ac-139664748199936","trial_id":5,"state":1,"values":[96.28352033607328],"datetime_complete":"2025-02-25T08:24:40.385653"}
{"op_code":4,"worker_id":"86834372-4b81-442b-a76b-a6a350cee5ac-139664748199936","study_id":0,"datetime_start":"2025-02-25T08:24:40.398586"}
{"op_code":5,"worker_id":"86834372-4b81-442b-a76b-a6a350cee5ac-139664748199936","trial_id":6,"param_name":"x","param_value_internal":5.258733586714609,"distribution":"{\"name\": \"FloatDistribution\", \"attributes\": {\"step\": null, \"low\": -10.0, \"high\": 10.0, \"log\": false}}"}
{"op_code":5,"worker_id":"86834372-4b81-442b-a76b-a6a350cee5ac-139664748199936","trial_id":6,"param_name":"y","param_value_internal":6.485989637444803,"distribution":"{\"name\": \"FloatDistribution\", \"attributes\": {\"step\": null, \"low\": -10.0, \"high\": 10.0, \"log\": false}}"}
{"op_code":6,"worker_id":"86834372-4b81-442b-a76b-a6a350cee5ac-139664748199936","trial_id":6,"state":1,"values":[69.72234051308166],"datetime_complete":"2025-02-25T08:24:40.430916"}
{"op_code":4,"worker_id":"86834372-4b81-442b-a76b-a6a350cee5ac-139664748199936","study_id":0,"datetime_start":"2025-02-25T08:24:40.439331"}
{"op_code":5,"worker_id":"86834372-4b81-442b-a76b-a6a350cee5ac-139664748199936","trial_id":7,"param_name":"x","param_value_internal":-3.700860181681427,"distribution":"{\"name\": \"FloatDistribution\", \"attributes\": {\"step\": null, \"low\": -10.0, \"high\": 10.0, \"log\": false}}"}
{"op_code":5,"worker_id":"86834372-4b81-442b-a76b-a6a350cee5ac-139664748199936","trial_id":7,"param_name":"y","param_value_internal":5.181709485618089,"distribution":"{\"name\": \"FloatDistribution\", \"attributes\": {\"step\": null, \"low\": -10.0, \"high\": 10.0, \"log\": false}}"}
{"op_code":6,"worker_id":"86834372-4b81-442b-a76b-a6a350cee5ac-139664748199936","trial_id":7,"state":1,"values":[40.54647927769957],"datetime_complete":"2025-02-25T08:24:40.469632"}
{"op_code":4,"worker_id":"86834372-4b81-442b-a76b-a6a350cee5ac-139664748199936","study_id":0,"datetime_start":"2025-02-25T08:24:40.478906"}
{"op_code":5,"worker_id":"86834372-4b81-442b-a76b-a6a350cee5ac-139664748199936","trial_id":8,"param_name":"x","param_value_internal":8.120540778654252,"distribution":"{\"name\": \"FloatDistribution\", \"attributes\": {\"step\": null, \"low\": -10.0, \"high\": 10.0, \"log\": false}}"}
{"op_code":5,"worker_id":"86834372-4b81-442b-a76b-a6a350cee5ac-139664748199936","trial_id":8,"param_name":"y","param_value_internal":-5.494953721081915,"distribution":"{\"name\": \"FloatDistribution\", \"attributes\": {\"step\": null, \"low\": -10.0, \"high\": 10.0, \"log\": false}}"}
{"op_code":6,"worker_id":"86834372-4b81-442b-a76b-a6a350cee5ac-139664748199936","trial_id":8,"state":1,"values":[96.1376989346186],"datetime_complete":"2025-02-25T08:24:40.509494"}
{"op_code":4,"worker_id":"86834372-4b81-442b-a76b-a6a350cee5ac-139664748199936","study_id":0,"datetime_start":"2025-02-25T08:24:40.518355"}
{"op_code":5,"worker_id":"86834372-4b81-442b-a76b-a6a350cee5ac-139664748199936","trial_id":9,"param_name":"x","param_value_internal":-2.7015721813083555,"distribution":"{\"name\": \"FloatDistribution\", \"attributes\": {\"step\": null, \"low\": -10.0, \"high\": 10.0, \"log\": false}}"}
{"op_code":5,"worker_id":"86834372-4b81-442b-a76b-a6a350cee5ac-139664748199936","trial_id":9,"param_name":"y","param_value_internal":6.819780621458584,"distribution":"{\"name\": \"FloatDistribution\", \"attributes\": {\"step\": null, \"low\": -10.0, \"high\": 10.0, \"log\": false}}"}
{"op_code":6,"worker_id":"86834372-4b81-442b-a76b-a6a350cee5ac-139664748199936","trial_id":9,"state":1,"values":[53.80789997564121],"datetime_complete":"2025-02-25T08:24:40.549985"}
{"op_code":4,"worker_id":"86834372-4b81-442b-a76b-a6a350cee5ac-139664748199936","study_id":0,"datetime_start":null,"state":4,"value":null,"values":null,"distributions":{},"params":{},"user_attrs":{},"system_attrs":{"fixed_params":{"x":-5,"y":-5}},"intermediate_values":{}}
{"op_code":4,"worker_id":"86834372-4b81-442b-a76b-a6a350cee5ac-139664748199936","study_id":0,"datetime_start":null,"state":4,"value":null,"values":null,"distributions":{},"params":{},"user_attrs":{},"system_attrs":{"fixed_params":{"x":-4,"y":-4}},"intermediate_values":{}}
{"op_code":4,"worker_id":"86834372-4b81-442b-a76b-a6a350cee5ac-139664748199936","study_id":0,"datetime_start":null,"state":4,"value":null,"values":null,"distributions":{},"params":{},"user_attrs":{},"system_attrs":{"fixed_params":{"x":-3,"y":-3}},"intermediate_values":{}}
{"op_code":4,"worker_id":"86834372-4b81-442b-a76b-a6a350cee5ac-139664748199936","study_id":0,"datetime_start":null,"state":4,"value":null,"values":null,"distributions":{},"params":{},"user_attrs":{},"system_attrs":{"fixed_params":{"x":-2,"y":-2}},"intermediate_values":{}}
{"op_code":4,"worker_id":"86834372-4b81-442b-a76b-a6a350cee5ac-139664748199936","study_id":0,"datetime_start":null,"state":4,"value":null,"values":null,"distributions":{},"params":{},"user_attrs":{},"system_attrs":{"fixed_params":{"x":-1,"y":-1}},"intermediate_values":{}}
{"op_code":4,"worker_id":"86834372-4b81-442b-a76b-a6a350cee5ac-139664748199936","study_id":0,"datetime_start":null,"state":4,"value":null,"values":null,"distributions":{},"params":{},"user_attrs":{},"system_attrs":{"fixed_params":{"x":0,"y":0}},"intermediate_values":{}}
{"op_code":4,"worker_id":"86834372-4b81-442b-a76b-a6a350cee5ac-139664748199936","study_id":0,"datetime_start":null,"state":4,"value":null,"values":null,"distributions":{},"params":{},"user_attrs":{},"system_attrs":{"fixed_params":{"x":1,"y":1}},"intermediate_values":{}}
{"op_code":4,"worker_id":"86834372-4b81-442b-a76b-a6a350cee5ac-139664748199936","study_id":0,"datetime_start":null,"state":4,"value":null,"values":null,"distributions":{},"params":{},"user_attrs":{},"system_attrs":{"fixed_params":{"x":2,"y":2}},"intermediate_values":{}}
{"op_code":4,"worker_id":"86834372-4b81-442b-a76b-a6a350cee5ac-139664748199936","study_id":0,"datetime_start":null,"state":4,"value":null,"values":null,"distributions":{},"params":{},"user_attrs":{},"system_attrs":{"fixed_params":{"x":3,"y":3}},"intermediate_values":{}}
{"op_code":4,"worker_id":"86834372-4b81-442b-a76b-a6a350cee5ac-139664748199936","study_id":0,"datetime_start":null,"state":4,"value":null,"values":null,"distributions":{},"params":{},"user_attrs":{},"system_attrs":{"fixed_params":{"x":4,"y":4}},"intermediate_values":{}}
{"op_code":0,"worker_id":"1c6c047d-3211-420b-8251-e6f985e57028-140693480062976","study_name":"example1","directions":[1]}
{"op_code":6,"worker_id":"1c6c047d-3211-420b-8251-e6f985e57028-140693480062976","trial_id":10,"state":0,"values":null,"datetime_start":"2025-02-25T08:24:47.999859"}
{"op_code":5,"worker_id":"1c6c047d-3211-420b-8251-e6f985e57028-140693480062976","trial_id":10,"param_name":"x","param_value_internal":-5.0,"distribution":"{\"name\": \"FloatDistribution\", \"attributes\": {\"step\": null, \"low\": -10.0, \"high\": 10.0, \"log\": false}}"}
{"op_code":5,"worker_id":"1c6c047d-3211-420b-8251-e6f985e57028-140693480062976","trial_id":10,"param_name":"y","param_value_internal":-5.0,"distribution":"{\"name\": \"FloatDistribution\", \"attributes\": {\"step\": null, \"low\": -10.0, \"high\": 10.0, \"log\": false}}"}
{"op_code":6,"worker_id":"1c6c047d-3211-420b-8251-e6f985e57028-140693480062976","trial_id":10,"state":1,"values":[50.0],"datetime_complete":"2025-02-25T08:24:48.050507"}
{"op_code":6,"worker_id":"1c6c047d-3211-420b-8251-e6f985e57028-140693480062976","trial_id":11,"state":0,"values":null,"datetime_start":"2025-02-25T08:24:48.069712"}
{"op_code":5,"worker_id":"1c6c047d-3211-420b-8251-e6f985e57028-140693480062976","trial_id":11,"param_name":"x","param_value_internal":-4.0,"distribution":"{\"name\": \"FloatDistribution\", \"attributes\": {\"step\": null, \"low\": -10.0, \"high\": 10.0, \"log\": false}}"}
{"op_code":5,"worker_id":"1c6c047d-3211-420b-8251-e6f985e57028-140693480062976","trial_id":11,"param_name":"y","param_value_internal":-4.0,"distribution":"{\"name\": \"FloatDistribution\", \"attributes\": {\"step\": null, \"low\": -10.0, \"high\": 10.0, \"log\": false}}"}
{"op_code":6,"worker_id":"1c6c047d-3211-420b-8251-e6f985e57028-140693480062976","trial_id":11,"state":1,"values":[32.0],"datetime_complete":"2025-02-25T08:24:48.123256"}
{"op_code":6,"worker_id":"1c6c047d-3211-420b-8251-e6f985e57028-140693480062976","trial_id":12,"state":0,"values":null,"datetime_start":"2025-02-25T08:24:48.147820"}
{"op_code":5,"worker_id":"1c6c047d-3211-420b-8251-e6f985e57028-140693480062976","trial_id":12,"param_name":"x","param_value_internal":-3.0,"distribution":"{\"name\": \"FloatDistribution\", \"attributes\": {\"step\": null, \"low\": -10.0, \"high\": 10.0, \"log\": false}}"}
{"op_code":5,"worker_id":"1c6c047d-3211-420b-8251-e6f985e57028-140693480062976","trial_id":12,"param_name":"y","param_value_internal":-3.0,"distribution":"{\"name\": \"FloatDistribution\", \"attributes\": {\"step\": null, \"low\": -10.0, \"high\": 10.0, \"log\": false}}"}
{"op_code":6,"worker_id":"1c6c047d-3211-420b-8251-e6f985e57028-140693480062976","trial_id":12,"state":1,"values":[18.0],"datetime_complete":"2025-02-25T08:24:48.220427"}
{"op_code":6,"worker_id":"1c6c047d-3211-420b-8251-e6f985e57028-140693480062976","trial_id":13,"state":0,"values":null,"datetime_start":"2025-02-25T08:24:48.238837"}
{"op_code":5,"worker_id":"1c6c047d-3211-420b-8251-e6f985e57028-140693480062976","trial_id":13,"param_name":"x","param_value_internal":-2.0,"distribution":"{\"name\": \"FloatDistribution\", \"attributes\": {\"step\": null, \"low\": -10.0, \"high\": 10.0, \"log\": false}}"}
{"op_code":5,"worker_id":"1c6c047d-3211-420b-8251-e6f985e57028-140693480062976","trial_id":13,"param_name":"y","param_value_internal":-2.0,"distribution":"{\"name\": \"FloatDistribution\", \"attributes\": {\"step\": null, \"low\": -10.0, \"high\": 10.0, \"log\": false}}"}
{"op_code":6,"worker_id":"1c6c047d-3211-420b-8251-e6f985e57028-140693480062976","trial_id":13,"state":1,"values":[8.0],"datetime_complete":"2025-02-25T08:24:48.287005"}
{"op_code":6,"worker_id":"1c6c047d-3211-420b-8251-e6f985e57028-140693480062976","trial_id":14,"state":0,"values":null,"datetime_start":"2025-02-25T08:24:48.305950"}
{"op_code":5,"worker_id":"1c6c047d-3211-420b-8251-e6f985e57028-140693480062976","trial_id":14,"param_name":"x","param_value_internal":-1.0,"distribution":"{\"name\": \"FloatDistribution\", \"attributes\": {\"step\": null, \"low\": -10.0, \"high\": 10.0, \"log\": false}}"}
{"op_code":5,"worker_id":"1c6c047d-3211-420b-8251-e6f985e57028-140693480062976","trial_id":14,"param_name":"y","param_value_internal":-1.0,"distribution":"{\"name\": \"FloatDistribution\", \"attributes\": {\"step\": null, \"low\": -10.0, \"high\": 10.0, \"log\": false}}"}
{"op_code":6,"worker_id":"1c6c047d-3211-420b-8251-e6f985e57028-140693480062976","trial_id":14,"state":1,"values":[2.0],"datetime_complete":"2025-02-25T08:24:48.351538"}
{"op_code":6,"worker_id":"1c6c047d-3211-420b-8251-e6f985e57028-140693480062976","trial_id":15,"state":0,"values":null,"datetime_start":"2025-02-25T08:24:48.383426"}
{"op_code":5,"worker_id":"1c6c047d-3211-420b-8251-e6f985e57028-140693480062976","trial_id":15,"param_name":"x","param_value_internal":0.0,"distribution":"{\"name\": \"FloatDistribution\", \"attributes\": {\"step\": null, \"low\": -10.0, \"high\": 10.0, \"log\": false}}"}
{"op_code":5,"worker_id":"1c6c047d-3211-420b-8251-e6f985e57028-140693480062976","trial_id":15,"param_name":"y","param_value_internal":0.0,"distribution":"{\"name\": \"FloatDistribution\", \"attributes\": {\"step\": null, \"low\": -10.0, \"high\": 10.0, \"log\": false}}"}
{"op_code":6,"worker_id":"1c6c047d-3211-420b-8251-e6f985e57028-140693480062976","trial_id":15,"state":1,"values":[0.0],"datetime_complete":"2025-02-25T08:24:48.427821"}
{"op_code":6,"worker_id":"1c6c047d-3211-420b-8251-e6f985e57028-140693480062976","trial_id":16,"state":0,"values":null,"datetime_start":"2025-02-25T08:24:48.444529"}
{"op_code":5,"worker_id":"1c6c047d-3211-420b-8251-e6f985e57028-140693480062976","trial_id":16,"param_name":"x","param_value_internal":1.0,"distribution":"{\"name\": \"FloatDistribution\", \"attributes\": {\"step\": null, \"low\": -10.0, \"high\": 10.0, \"log\": false}}"}
{"op_code":5,"worker_id":"1c6c047d-3211-420b-8251-e6f985e57028-140693480062976","trial_id":16,"param_name":"y","param_value_internal":1.0,"distribution":"{\"name\": \"FloatDistribution\", \"attributes\": {\"step\": null, \"low\": -10.0, \"high\": 10.0, \"log\": false}}"}
{"op_code":6,"worker_id":"1c6c047d-3211-420b-8251-e6f985e57028-140693480062976","trial_id":16,"state":1,"values":[2.0],"datetime_complete":"2025-02-25T08:24:48.510468"}
{"op_code":6,"worker_id":"1c6c047d-3211-420b-8251-e6f985e57028-140693480062976","trial_id":17,"state":0,"values":null,"datetime_start":"2025-02-25T08:24:48.537458"}
{"op_code":5,"worker_id":"1c6c047d-3211-420b-8251-e6f985e57028-140693480062976","trial_id":17,"param_name":"x","param_value_internal":2.0,"distribution":"{\"name\": \"FloatDistribution\", \"attributes\": {\"step\": null, \"low\": -10.0, \"high\": 10.0, \"log\": false}}"}
{"op_code":5,"worker_id":"1c6c047d-3211-420b-8251-e6f985e57028-140693480062976","trial_id":17,"param_name":"y","param_value_internal":2.0,"distribution":"{\"name\": \"FloatDistribution\", \"attributes\": {\"step\": null, \"low\": -10.0, \"high\": 10.0, \"log\": false}}"}
{"op_code":6,"worker_id":"1c6c047d-3211-420b-8251-e6f985e57028-140693480062976","trial_id":17,"state":1,"values":[8.0],"datetime_complete":"2025-02-25T08:24:48.626683"}
{"op_code":6,"worker_id":"1c6c047d-3211-420b-8251-e6f985e57028-140693480062976","trial_id":18,"state":0,"values":null,"datetime_start":"2025-02-25T08:24:48.643263"}
{"op_code":5,"worker_id":"1c6c047d-3211-420b-8251-e6f985e57028-140693480062976","trial_id":18,"param_name":"x","param_value_internal":3.0,"distribution":"{\"name\": \"FloatDistribution\", \"attributes\": {\"step\": null, \"low\": -10.0, \"high\": 10.0, \"log\": false}}"}
{"op_code":5,"worker_id":"1c6c047d-3211-420b-8251-e6f985e57028-140693480062976","trial_id":18,"param_name":"y","param_value_internal":3.0,"distribution":"{\"name\": \"FloatDistribution\", \"attributes\": {\"step\": null, \"low\": -10.0, \"high\": 10.0, \"log\": false}}"}
{"op_code":6,"worker_id":"1c6c047d-3211-420b-8251-e6f985e57028-140693480062976","trial_id":18,"state":1,"values":[18.0],"datetime_complete":"2025-02-25T08:24:48.684418"}
{"op_code":6,"worker_id":"1c6c047d-3211-420b-8251-e6f985e57028-140693480062976","trial_id":19,"state":0,"values":null,"datetime_start":"2025-02-25T08:24:48.710224"}
{"op_code":5,"worker_id":"1c6c047d-3211-420b-8251-e6f985e57028-140693480062976","trial_id":19,"param_name":"x","param_value_internal":4.0,"distribution":"{\"name\": \"FloatDistribution\", \"attributes\": {\"step\": null, \"low\": -10.0, \"high\": 10.0, \"log\": false}}"}
{"op_code":5,"worker_id":"1c6c047d-3211-420b-8251-e6f985e57028-140693480062976","trial_id":19,"param_name":"y","param_value_internal":4.0,"distribution":"{\"name\": \"FloatDistribution\", \"attributes\": {\"step\": null, \"low\": -10.0, \"high\": 10.0, \"log\": false}}"}
{"op_code":6,"worker_id":"1c6c047d-3211-420b-8251-e6f985e57028-140693480062976","trial_id":19,"state":1,"values":[32.0],"datetime_complete":"2025-02-25T08:24:48.789289"}
{"op_code":4,"worker_id":"1c6c047d-3211-420b-8251-e6f985e57028-140693480062976","study_id":0,"datetime_start":null,"state":4,"value":null,"values":null,"distributions":{},"params":{},"user_attrs":{},"system_attrs":{"fixed_params":{"x":-5,"y":-5}},"intermediate_values":{}}
{"op_code":4,"worker_id":"1c6c047d-3211-420b-8251-e6f985e57028-140693480062976","study_id":0,"datetime_start":null,"state":4,"value":null,"values":null,"distributions":{},"params":{},"user_attrs":{},"system_attrs":{"fixed_params":{"x":-4,"y":-4}},"intermediate_values":{}}
{"op_code":4,"worker_id":"1c6c047d-3211-420b-8251-e6f985e57028-140693480062976","study_id":0,"datetime_start":null,"state":4,"value":null,"values":null,"distributions":{},"params":{},"user_attrs":{},"system_attrs":{"fixed_params":{"x":-3,"y":-3}},"intermediate_values":{}}
{"op_code":4,"worker_id":"1c6c047d-3211-420b-8251-e6f985e57028-140693480062976","study_id":0,"datetime_start":null,"state":4,"value":null,"values":null,"distributions":{},"params":{},"user_attrs":{},"system_attrs":{"fixed_params":{"x":-2,"y":-2}},"intermediate_values":{}}
{"op_code":4,"worker_id":"1c6c047d-3211-420b-8251-e6f985e57028-140693480062976","study_id":0,"datetime_start":null,"state":4,"value":null,"values":null,"distributions":{},"params":{},"user_attrs":{},"system_attrs":{"fixed_params":{"x":-1,"y":-1}},"intermediate_values":{}}
{"op_code":4,"worker_id":"1c6c047d-3211-420b-8251-e6f985e57028-140693480062976","study_id":0,"datetime_start":null,"state":4,"value":null,"values":null,"distributions":{},"params":{},"user_attrs":{},"system_attrs":{"fixed_params":{"x":0,"y":0}},"intermediate_values":{}}
{"op_code":4,"worker_id":"1c6c047d-3211-420b-8251-e6f985e57028-140693480062976","study_id":0,"datetime_start":null,"state":4,"value":null,"values":null,"distributions":{},"params":{},"user_attrs":{},"system_attrs":{"fixed_params":{"x":1,"y":1}},"intermediate_values":{}}
{"op_code":4,"worker_id":"1c6c047d-3211-420b-8251-e6f985e57028-140693480062976","study_id":0,"datetime_start":null,"state":4,"value":null,"values":null,"distributions":{},"params":{},"user_attrs":{},"system_attrs":{"fixed_params":{"x":2,"y":2}},"intermediate_values":{}}
{"op_code":4,"worker_id":"1c6c047d-3211-420b-8251-e6f985e57028-140693480062976","study_id":0,"datetime_start":null,"state":4,"value":null,"values":null,"distributions":{},"params":{},"user_attrs":{},"system_attrs":{"fixed_params":{"x":3,"y":3}},"intermediate_values":{}}
{"op_code":4,"worker_id":"1c6c047d-3211-420b-8251-e6f985e57028-140693480062976","study_id":0,"datetime_start":null,"state":4,"value":null,"values":null,"distributions":{},"params":{},"user_attrs":{},"system_attrs":{"fixed_params":{"x":4,"y":4}},"intermediate_values":{}}
{"op_code":6,"worker_id":"1c6c047d-3211-420b-8251-e6f985e57028-140693480062976","trial_id":20,"state":0,"values":null,"datetime_start":"2025-02-25T08:24:59.060430"}
{"op_code":5,"worker_id":"1c6c047d-3211-420b-8251-e6f985e57028-140693480062976","trial_id":20,"param_name":"x","param_value_internal":-5.0,"distribution":"{\"name\": \"FloatDistribution\", \"attributes\": {\"step\": null, \"low\": -10.0, \"high\": 10.0, \"log\": false}}"}
{"op_code":5,"worker_id":"1c6c047d-3211-420b-8251-e6f985e57028-140693480062976","trial_id":20,"param_name":"y","param_value_internal":-5.0,"distribution":"{\"name\": \"FloatDistribution\", \"attributes\": {\"step\": null, \"low\": -10.0, \"high\": 10.0, \"log\": false}}"}
{"op_code":6,"worker_id":"1c6c047d-3211-420b-8251-e6f985e57028-140693480062976","trial_id":20,"state":1,"values":[50.0],"datetime_complete":"2025-02-25T08:24:59.102287"}
{"op_code":6,"worker_id":"1c6c047d-3211-420b-8251-e6f985e57028-140693480062976","trial_id":21,"state":0,"values":null,"datetime_start":"2025-02-25T08:24:59.110923"}
{"op_code":5,"worker_id":"1c6c047d-3211-420b-8251-e6f985e57028-140693480062976","trial_id":21,"param_name":"x","param_value_internal":-4.0,"distribution":"{\"name\": \"FloatDistribution\", \"attributes\": {\"step\": null, \"low\": -10.0, \"high\": 10.0, \"log\": false}}"}
{"op_code":5,"worker_id":"1c6c047d-3211-420b-8251-e6f985e57028-140693480062976","trial_id":21,"param_name":"y","param_value_internal":-4.0,"distribution":"{\"name\": \"FloatDistribution\", \"attributes\": {\"step\": null, \"low\": -10.0, \"high\": 10.0, \"log\": false}}"}
{"op_code":6,"worker_id":"1c6c047d-3211-420b-8251-e6f985e57028-140693480062976","trial_id":21,"state":1,"values":[32.0],"datetime_complete":"2025-02-25T08:24:59.143553"}
{"op_code":6,"worker_id":"1c6c047d-3211-420b-8251-e6f985e57028-140693480062976","trial_id":22,"state":0,"values":null,"datetime_start":"2025-02-25T08:24:59.151520"}
{"op_code":5,"worker_id":"1c6c047d-3211-420b-8251-e6f985e57028-140693480062976","trial_id":22,"param_name":"x","param_value_internal":-3.0,"distribution":"{\"name\": \"FloatDistribution\", \"attributes\": {\"step\": null, \"low\": -10.0, \"high\": 10.0, \"log\": false}}"}
{"op_code":5,"worker_id":"1c6c047d-3211-420b-8251-e6f985e57028-140693480062976","trial_id":22,"param_name":"y","param_value_internal":-3.0,"distribution":"{\"name\": \"FloatDistribution\", \"attributes\": {\"step\": null, \"low\": -10.0, \"high\": 10.0, \"log\": false}}"}
{"op_code":6,"worker_id":"1c6c047d-3211-420b-8251-e6f985e57028-140693480062976","trial_id":22,"state":1,"values":[18.0],"datetime_complete":"2025-02-25T08:24:59.178051"}
{"op_code":6,"worker_id":"1c6c047d-3211-420b-8251-e6f985e57028-140693480062976","trial_id":23,"state":0,"values":null,"datetime_start":"2025-02-25T08:24:59.187790"}
{"op_code":5,"worker_id":"1c6c047d-3211-420b-8251-e6f985e57028-140693480062976","trial_id":23,"param_name":"x","param_value_internal":-2.0,"distribution":"{\"name\": \"FloatDistribution\", \"attributes\": {\"step\": null, \"low\": -10.0, \"high\": 10.0, \"log\": false}}"}
{"op_code":5,"worker_id":"1c6c047d-3211-420b-8251-e6f985e57028-140693480062976","trial_id":23,"param_name":"y","param_value_internal":-2.0,"distribution":"{\"name\": \"FloatDistribution\", \"attributes\": {\"step\": null, \"low\": -10.0, \"high\": 10.0, \"log\": false}}"}
{"op_code":6,"worker_id":"1c6c047d-3211-420b-8251-e6f985e57028-140693480062976","trial_id":23,"state":1,"values":[8.0],"datetime_complete":"2025-02-25T08:24:59.216922"}
{"op_code":6,"worker_id":"1c6c047d-3211-420b-8251-e6f985e57028-140693480062976","trial_id":24,"state":0,"values":null,"datetime_start":"2025-02-25T08:24:59.232347"}
{"op_code":5,"worker_id":"1c6c047d-3211-420b-8251-e6f985e57028-140693480062976","trial_id":24,"param_name":"x","param_value_internal":-1.0,"distribution":"{\"name\": \"FloatDistribution\", \"attributes\": {\"step\": null, \"low\": -10.0, \"high\": 10.0, \"log\": false}}"}
{"op_code":5,"worker_id":"1c6c047d-3211-420b-8251-e6f985e57028-140693480062976","trial_id":24,"param_name":"y","param_value_internal":-1.0,"distribution":"{\"name\": \"FloatDistribution\", \"attributes\": {\"step\": null, \"low\": -10.0, \"high\": 10.0, \"log\": false}}"}
{"op_code":6,"worker_id":"1c6c047d-3211-420b-8251-e6f985e57028-140693480062976","trial_id":24,"state":1,"values":[2.0],"datetime_complete":"2025-02-25T08:24:59.257538"}
{"op_code":6,"worker_id":"1c6c047d-3211-420b-8251-e6f985e57028-140693480062976","trial_id":25,"state":0,"values":null,"datetime_start":"2025-02-25T08:24:59.267543"}
{"op_code":5,"worker_id":"1c6c047d-3211-420b-8251-e6f985e57028-140693480062976","trial_id":25,"param_name":"x","param_value_internal":0.0,"distribution":"{\"name\": \"FloatDistribution\", \"attributes\": {\"step\": null, \"low\": -10.0, \"high\": 10.0, \"log\": false}}"}
{"op_code":5,"worker_id":"1c6c047d-3211-420b-8251-e6f985e57028-140693480062976","trial_id":25,"param_name":"y","param_value_internal":0.0,"distribution":"{\"name\": \"FloatDistribution\", \"attributes\": {\"step\": null, \"low\": -10.0, \"high\": 10.0, \"log\": false}}"}
{"op_code":6,"worker_id":"1c6c047d-3211-420b-8251-e6f985e57028-140693480062976","trial_id":25,"state":1,"values":[0.0],"datetime_complete":"2025-02-25T08:24:59.293893"}
{"op_code":6,"worker_id":"1c6c047d-3211-420b-8251-e6f985e57028-140693480062976","trial_id":26,"state":0,"values":null,"datetime_start":"2025-02-25T08:24:59.305512"}
{"op_code":5,"worker_id":"1c6c047d-3211-420b-8251-e6f985e57028-140693480062976","trial_id":26,"param_name":"x","param_value_internal":1.0,"distribution":"{\"name\": \"FloatDistribution\", \"attributes\": {\"step\": null, \"low\": -10.0, \"high\": 10.0, \"log\": false}}"}
{"op_code":5,"worker_id":"1c6c047d-3211-420b-8251-e6f985e57028-140693480062976","trial_id":26,"param_name":"y","param_value_internal":1.0,"distribution":"{\"name\": \"FloatDistribution\", \"attributes\": {\"step\": null, \"low\": -10.0, \"high\": 10.0, \"log\": false}}"}
{"op_code":6,"worker_id":"1c6c047d-3211-420b-8251-e6f985e57028-140693480062976","trial_id":26,"state":1,"values":[2.0],"datetime_complete":"2025-02-25T08:24:59.335030"}
{"op_code":6,"worker_id":"1c6c047d-3211-420b-8251-e6f985e57028-140693480062976","trial_id":27,"state":0,"values":null,"datetime_start":"2025-02-25T08:24:59.344138"}
{"op_code":5,"worker_id":"1c6c047d-3211-420b-8251-e6f985e57028-140693480062976","trial_id":27,"param_name":"x","param_value_internal":2.0,"distribution":"{\"name\": \"FloatDistribution\", \"attributes\": {\"step\": null, \"low\": -10.0, \"high\": 10.0, \"log\": false}}"}
{"op_code":5,"worker_id":"1c6c047d-3211-420b-8251-e6f985e57028-140693480062976","trial_id":27,"param_name":"y","param_value_internal":2.0,"distribution":"{\"name\": \"FloatDistribution\", \"attributes\": {\"step\": null, \"low\": -10.0, \"high\": 10.0, \"log\": false}}"}
{"op_code":6,"worker_id":"1c6c047d-3211-420b-8251-e6f985e57028-140693480062976","trial_id":27,"state":1,"values":[8.0],"datetime_complete":"2025-02-25T08:24:59.374051"}
{"op_code":6,"worker_id":"1c6c047d-3211-420b-8251-e6f985e57028-140693480062976","trial_id":28,"state":0,"values":null,"datetime_start":"2025-02-25T08:24:59.382586"}
{"op_code":5,"worker_id":"1c6c047d-3211-420b-8251-e6f985e57028-140693480062976","trial_id":28,"param_name":"x","param_value_internal":3.0,"distribution":"{\"name\": \"FloatDistribution\", \"attributes\": {\"step\": null, \"low\": -10.0, \"high\": 10.0, \"log\": false}}"}
{"op_code":5,"worker_id":"1c6c047d-3211-420b-8251-e6f985e57028-140693480062976","trial_id":28,"param_name":"y","param_value_internal":3.0,"distribution":"{\"name\": \"FloatDistribution\", \"attributes\": {\"step\": null, \"low\": -10.0, \"high\": 10.0, \"log\": false}}"}
{"op_code":6,"worker_id":"1c6c047d-3211-420b-8251-e6f985e57028-140693480062976","trial_id":28,"state":1,"values":[18.0],"datetime_complete":"2025-02-25T08:24:59.409880"}
{"op_code":6,"worker_id":"1c6c047d-3211-420b-8251-e6f985e57028-140693480062976","trial_id":29,"state":0,"values":null,"datetime_start":"2025-02-25T08:24:59.418514"}
{"op_code":5,"worker_id":"1c6c047d-3211-420b-8251-e6f985e57028-140693480062976","trial_id":29,"param_name":"x","param_value_internal":4.0,"distribution":"{\"name\": \"FloatDistribution\", \"attributes\": {\"step\": null, \"low\": -10.0, \"high\": 10.0, \"log\": false}}"}
{"op_code":5,"worker_id":"1c6c047d-3211-420b-8251-e6f985e57028-140693480062976","trial_id":29,"param_name":"y","param_value_internal":4.0,"distribution":"{\"name\": \"FloatDistribution\", \"attributes\": {\"step\": null, \"low\": -10.0, \"high\": 10.0, \"log\": false}}"}
{"op_code":6,"worker_id":"1c6c047d-3211-420b-8251-e6f985e57028-140693480062976","trial_id":29,"state":1,"values":[32.0],"datetime_complete":"2025-02-25T08:24:59.446919"}
